The system is: Linux - 5.14.0-503.21.1.el9_5.x86_64 - x86_64
Compiling the C compiler identification source file "CMakeCCompilerId.c" succeeded.
Compiler: /cvmfs/larsoft.opensciencegrid.org/products/gcc/v6_4_0/Linux64bit+3.10-2.17/bin/gcc 
Build flags: 
Id flags:  

The output was:
0


Compilation of the C compiler identification source "CMakeCCompilerId.c" produced "a.out"

The C compiler identification is GNU, found in "/exp/sbnd/app/users/fnicolas/BNBFlux/HPStudies/build/CMakeFiles/3.14.3/CompilerIdC/a.out"

Compiling the CXX compiler identification source file "CMakeCXXCompilerId.cpp" succeeded.
Compiler: /cvmfs/larsoft.opensciencegrid.org/products/gcc/v6_4_0/Linux64bit+3.10-2.17/bin/g++ 
Build flags: 
Id flags:  

The output was:
0


Compilation of the CXX compiler identification source "CMakeCXXCompilerId.cpp" produced "a.out"

The CXX compiler identification is GNU, found in "/exp/sbnd/app/users/fnicolas/BNBFlux/HPStudies/build/CMakeFiles/3.14.3/CompilerIdCXX/a.out"

Determining if the C compiler works passed with the following output:
Change Dir: /exp/sbnd/app/users/fnicolas/BNBFlux/HPStudies/build/CMakeFiles/CMakeTmp

Run Build Command(s):/usr/bin/gmake cmTC_d4fa3/fast 
/usr/bin/gmake -f CMakeFiles/cmTC_d4fa3.dir/build.make CMakeFiles/cmTC_d4fa3.dir/build
gmake[1]: Entering directory `/exp/sbnd/app/users/fnicolas/BNBFlux/HPStudies/build/CMakeFiles/CMakeTmp'
Building C object CMakeFiles/cmTC_d4fa3.dir/testCCompiler.c.o
/cvmfs/larsoft.opensciencegrid.org/products/gcc/v6_4_0/Linux64bit+3.10-2.17/bin/gcc    -o CMakeFiles/cmTC_d4fa3.dir/testCCompiler.c.o   -c /exp/sbnd/app/users/fnicolas/BNBFlux/HPStudies/build/CMakeFiles/CMakeTmp/testCCompiler.c
Linking C executable cmTC_d4fa3
/cvmfs/larsoft.opensciencegrid.org/products/cmake/v3_14_3/Linux64bit+3.10-2.17/bin/cmake -E cmake_link_script CMakeFiles/cmTC_d4fa3.dir/link.txt --verbose=1
/cvmfs/larsoft.opensciencegrid.org/products/gcc/v6_4_0/Linux64bit+3.10-2.17/bin/gcc      -rdynamic CMakeFiles/cmTC_d4fa3.dir/testCCompiler.c.o  -o cmTC_d4fa3 
gmake[1]: Leaving directory `/exp/sbnd/app/users/fnicolas/BNBFlux/HPStudies/build/CMakeFiles/CMakeTmp'


Detecting C compiler ABI info compiled with the following output:
Change Dir: /exp/sbnd/app/users/fnicolas/BNBFlux/HPStudies/build/CMakeFiles/CMakeTmp

Run Build Command(s):/usr/bin/gmake cmTC_1ee1b/fast 
/usr/bin/gmake -f CMakeFiles/cmTC_1ee1b.dir/build.make CMakeFiles/cmTC_1ee1b.dir/build
gmake[1]: Entering directory `/exp/sbnd/app/users/fnicolas/BNBFlux/HPStudies/build/CMakeFiles/CMakeTmp'
Building C object CMakeFiles/cmTC_1ee1b.dir/CMakeCCompilerABI.c.o
/cvmfs/larsoft.opensciencegrid.org/products/gcc/v6_4_0/Linux64bit+3.10-2.17/bin/gcc   -v -o CMakeFiles/cmTC_1ee1b.dir/CMakeCCompilerABI.c.o   -c /cvmfs/larsoft.opensciencegrid.org/products/cmake/v3_14_3/Linux64bit+3.10-2.17/share/cmake-3.14/Modules/CMakeCCompilerABI.c
Using built-in specs.
COLLECT_GCC=/cvmfs/larsoft.opensciencegrid.org/products/gcc/v6_4_0/Linux64bit+3.10-2.17/bin/gcc
Target: x86_64-pc-linux-gnu
Configured with: ./configure --prefix=/scratch/workspace/art-build-base/v6_4_0/SLF7/build/gcc/v6_4_0/Linux64bit+3.10-2.17 --disable-libgcj --enable-threads=posix --enable-__cxa_atexit --enable-languages=c,c++,fortran,lto --with-system-zlib --enable-libstdcxx-time=rt --enable-stage1-checking=yes --enable-checking=release --enable-lto --enable-plugin
Thread model: posix
gcc version 6.4.0 (GCC) 
COLLECT_GCC_OPTIONS='-v' '-o' 'CMakeFiles/cmTC_1ee1b.dir/CMakeCCompilerABI.c.o' '-c' '-mtune=generic' '-march=x86-64'
 /cvmfs/larsoft.opensciencegrid.org/products/gcc/v6_4_0/Linux64bit+3.10-2.17/bin/../libexec/gcc/x86_64-pc-linux-gnu/6.4.0/cc1 -quiet -v -iprefix /cvmfs/larsoft.opensciencegrid.org/products/gcc/v6_4_0/Linux64bit+3.10-2.17/bin/../lib/gcc/x86_64-pc-linux-gnu/6.4.0/ /cvmfs/larsoft.opensciencegrid.org/products/cmake/v3_14_3/Linux64bit+3.10-2.17/share/cmake-3.14/Modules/CMakeCCompilerABI.c -quiet -dumpbase CMakeCCompilerABI.c -mtune=generic -march=x86-64 -auxbase-strip CMakeFiles/cmTC_1ee1b.dir/CMakeCCompilerABI.c.o -version -o /tmp/ccrdaV3o.s
GNU C11 (GCC) version 6.4.0 (x86_64-pc-linux-gnu)
	compiled by GNU C version 6.4.0, GMP version 6.1.2, MPFR version 3.1.5, MPC version 1.0.3, isl version none
GGC heuristics: --param ggc-min-expand=100 --param ggc-min-heapsize=131072
ignoring nonexistent directory "/cvmfs/larsoft.opensciencegrid.org/products/gcc/v6_4_0/Linux64bit+3.10-2.17/bin/../lib/gcc/x86_64-pc-linux-gnu/6.4.0/../../../../x86_64-pc-linux-gnu/include"
ignoring duplicate directory "/cvmfs/larsoft.opensciencegrid.org/products/gcc/v6_4_0/Linux64bit+3.10-2.17/bin/../lib/gcc/../../lib/gcc/x86_64-pc-linux-gnu/6.4.0/include"
ignoring duplicate directory "/cvmfs/larsoft.opensciencegrid.org/products/gcc/v6_4_0/Linux64bit+3.10-2.17/bin/../lib/gcc/../../lib/gcc/x86_64-pc-linux-gnu/6.4.0/include-fixed"
ignoring nonexistent directory "/cvmfs/larsoft.opensciencegrid.org/products/gcc/v6_4_0/Linux64bit+3.10-2.17/bin/../lib/gcc/../../lib/gcc/x86_64-pc-linux-gnu/6.4.0/../../../../x86_64-pc-linux-gnu/include"
#include "..." search starts here:
#include <...> search starts here:
 /cvmfs/larsoft.opensciencegrid.org/products/tbb/v2018_1/Linux64bit+3.10-2.17-e15-prof/include
 /cvmfs/larsoft.opensciencegrid.org/products/gcc/v6_4_0/Linux64bit+3.10-2.17/bin/../lib/gcc/x86_64-pc-linux-gnu/6.4.0/include
 /cvmfs/larsoft.opensciencegrid.org/products/gcc/v6_4_0/Linux64bit+3.10-2.17/bin/../lib/gcc/x86_64-pc-linux-gnu/6.4.0/include-fixed
 /usr/local/include
 /cvmfs/larsoft.opensciencegrid.org/products/gcc/v6_4_0/Linux64bit+3.10-2.17/bin/../lib/gcc/../../include
 /usr/include
End of search list.
GNU C11 (GCC) version 6.4.0 (x86_64-pc-linux-gnu)
	compiled by GNU C version 6.4.0, GMP version 6.1.2, MPFR version 3.1.5, MPC version 1.0.3, isl version none
GGC heuristics: --param ggc-min-expand=100 --param ggc-min-heapsize=131072
Compiler executable checksum: 0e574ed32e7241f7560ea6c4bb162656
COLLECT_GCC_OPTIONS='-v' '-o' 'CMakeFiles/cmTC_1ee1b.dir/CMakeCCompilerABI.c.o' '-c' '-mtune=generic' '-march=x86-64'
 as -v --64 -o CMakeFiles/cmTC_1ee1b.dir/CMakeCCompilerABI.c.o /tmp/ccrdaV3o.s
GNU assembler version 2.27 (x86_64-redhat-linux) using BFD version version 2.27-44.base.el7
COMPILER_PATH=/cvmfs/larsoft.opensciencegrid.org/products/gcc/v6_4_0/Linux64bit+3.10-2.17/bin/../libexec/gcc/x86_64-pc-linux-gnu/6.4.0/:/cvmfs/larsoft.opensciencegrid.org/products/gcc/v6_4_0/Linux64bit+3.10-2.17/bin/../libexec/gcc/:/cvmfs/larsoft.opensciencegrid.org/products/gcc/v6_4_0/Linux64bit+3.10-2.17/bin/
LIBRARY_PATH=/cvmfs/larsoft.opensciencegrid.org/products/gcc/v6_4_0/Linux64bit+3.10-2.17/bin/../lib/gcc/x86_64-pc-linux-gnu/6.4.0/:/cvmfs/larsoft.opensciencegrid.org/products/gcc/v6_4_0/Linux64bit+3.10-2.17/bin/../lib/gcc/:/cvmfs/larsoft.opensciencegrid.org/products/gcc/v6_4_0/Linux64bit+3.10-2.17/bin/../lib/gcc/x86_64-pc-linux-gnu/6.4.0/../../../../lib64/:/lib/../lib64/:/usr/lib/../lib64/:/cvmfs/larsoft.opensciencegrid.org/products/gcc/v6_4_0/Linux64bit+3.10-2.17/bin/../lib/gcc/x86_64-pc-linux-gnu/6.4.0/../../../:/lib/:/usr/lib/
COLLECT_GCC_OPTIONS='-v' '-o' 'CMakeFiles/cmTC_1ee1b.dir/CMakeCCompilerABI.c.o' '-c' '-mtune=generic' '-march=x86-64'
Linking C executable cmTC_1ee1b
/cvmfs/larsoft.opensciencegrid.org/products/cmake/v3_14_3/Linux64bit+3.10-2.17/bin/cmake -E cmake_link_script CMakeFiles/cmTC_1ee1b.dir/link.txt --verbose=1
/cvmfs/larsoft.opensciencegrid.org/products/gcc/v6_4_0/Linux64bit+3.10-2.17/bin/gcc     -v -rdynamic CMakeFiles/cmTC_1ee1b.dir/CMakeCCompilerABI.c.o  -o cmTC_1ee1b 
Using built-in specs.
COLLECT_GCC=/cvmfs/larsoft.opensciencegrid.org/products/gcc/v6_4_0/Linux64bit+3.10-2.17/bin/gcc
COLLECT_LTO_WRAPPER=/cvmfs/larsoft.opensciencegrid.org/products/gcc/v6_4_0/Linux64bit+3.10-2.17/bin/../libexec/gcc/x86_64-pc-linux-gnu/6.4.0/lto-wrapper
Target: x86_64-pc-linux-gnu
Configured with: ./configure --prefix=/scratch/workspace/art-build-base/v6_4_0/SLF7/build/gcc/v6_4_0/Linux64bit+3.10-2.17 --disable-libgcj --enable-threads=posix --enable-__cxa_atexit --enable-languages=c,c++,fortran,lto --with-system-zlib --enable-libstdcxx-time=rt --enable-stage1-checking=yes --enable-checking=release --enable-lto --enable-plugin
Thread model: posix
gcc version 6.4.0 (GCC) 
COMPILER_PATH=/cvmfs/larsoft.opensciencegrid.org/products/gcc/v6_4_0/Linux64bit+3.10-2.17/bin/../libexec/gcc/x86_64-pc-linux-gnu/6.4.0/:/cvmfs/larsoft.opensciencegrid.org/products/gcc/v6_4_0/Linux64bit+3.10-2.17/bin/../libexec/gcc/:/cvmfs/larsoft.opensciencegrid.org/products/gcc/v6_4_0/Linux64bit+3.10-2.17/bin/
LIBRARY_PATH=/cvmfs/larsoft.opensciencegrid.org/products/gcc/v6_4_0/Linux64bit+3.10-2.17/bin/../lib/gcc/x86_64-pc-linux-gnu/6.4.0/:/cvmfs/larsoft.opensciencegrid.org/products/gcc/v6_4_0/Linux64bit+3.10-2.17/bin/../lib/gcc/:/cvmfs/larsoft.opensciencegrid.org/products/gcc/v6_4_0/Linux64bit+3.10-2.17/bin/../lib/gcc/x86_64-pc-linux-gnu/6.4.0/../../../../lib64/:/lib/../lib64/:/usr/lib/../lib64/:/cvmfs/larsoft.opensciencegrid.org/products/gcc/v6_4_0/Linux64bit+3.10-2.17/bin/../lib/gcc/x86_64-pc-linux-gnu/6.4.0/../../../:/lib/:/usr/lib/
COLLECT_GCC_OPTIONS='-v' '-rdynamic' '-o' 'cmTC_1ee1b' '-mtune=generic' '-march=x86-64'
 /cvmfs/larsoft.opensciencegrid.org/products/gcc/v6_4_0/Linux64bit+3.10-2.17/bin/../libexec/gcc/x86_64-pc-linux-gnu/6.4.0/collect2 -plugin /cvmfs/larsoft.opensciencegrid.org/products/gcc/v6_4_0/Linux64bit+3.10-2.17/bin/../libexec/gcc/x86_64-pc-linux-gnu/6.4.0/liblto_plugin.so -plugin-opt=/cvmfs/larsoft.opensciencegrid.org/products/gcc/v6_4_0/Linux64bit+3.10-2.17/bin/../libexec/gcc/x86_64-pc-linux-gnu/6.4.0/lto-wrapper -plugin-opt=-fresolution=/tmp/ccwxJbmt.res -plugin-opt=-pass-through=-lgcc -plugin-opt=-pass-through=-lgcc_s -plugin-opt=-pass-through=-lc -plugin-opt=-pass-through=-lgcc -plugin-opt=-pass-through=-lgcc_s --eh-frame-hdr -m elf_x86_64 -export-dynamic -dynamic-linker /lib64/ld-linux-x86-64.so.2 -o cmTC_1ee1b /lib/../lib64/crt1.o /lib/../lib64/crti.o /cvmfs/larsoft.opensciencegrid.org/products/gcc/v6_4_0/Linux64bit+3.10-2.17/bin/../lib/gcc/x86_64-pc-linux-gnu/6.4.0/crtbegin.o -L/cvmfs/larsoft.opensciencegrid.org/products/gcc/v6_4_0/Linux64bit+3.10-2.17/bin/../lib/gcc/x86_64-pc-linux-gnu/6.4.0 -L/cvmfs/larsoft.opensciencegrid.org/products/gcc/v6_4_0/Linux64bit+3.10-2.17/bin/../lib/gcc -L/cvmfs/larsoft.opensciencegrid.org/products/gcc/v6_4_0/Linux64bit+3.10-2.17/bin/../lib/gcc/x86_64-pc-linux-gnu/6.4.0/../../../../lib64 -L/lib/../lib64 -L/usr/lib/../lib64 -L/cvmfs/larsoft.opensciencegrid.org/products/gcc/v6_4_0/Linux64bit+3.10-2.17/bin/../lib/gcc/x86_64-pc-linux-gnu/6.4.0/../../.. CMakeFiles/cmTC_1ee1b.dir/CMakeCCompilerABI.c.o -lgcc --as-needed -lgcc_s --no-as-needed -lc -lgcc --as-needed -lgcc_s --no-as-needed /cvmfs/larsoft.opensciencegrid.org/products/gcc/v6_4_0/Linux64bit+3.10-2.17/bin/../lib/gcc/x86_64-pc-linux-gnu/6.4.0/crtend.o /lib/../lib64/crtn.o
COLLECT_GCC_OPTIONS='-v' '-rdynamic' '-o' 'cmTC_1ee1b' '-mtune=generic' '-march=x86-64'
gmake[1]: Leaving directory `/exp/sbnd/app/users/fnicolas/BNBFlux/HPStudies/build/CMakeFiles/CMakeTmp'


Parsed C implicit include dir info from above output: rv=done
  found start of include info
  found start of implicit include info
    add: [/cvmfs/larsoft.opensciencegrid.org/products/tbb/v2018_1/Linux64bit+3.10-2.17-e15-prof/include]
    add: [/cvmfs/larsoft.opensciencegrid.org/products/gcc/v6_4_0/Linux64bit+3.10-2.17/bin/../lib/gcc/x86_64-pc-linux-gnu/6.4.0/include]
    add: [/cvmfs/larsoft.opensciencegrid.org/products/gcc/v6_4_0/Linux64bit+3.10-2.17/bin/../lib/gcc/x86_64-pc-linux-gnu/6.4.0/include-fixed]
    add: [/usr/local/include]
    add: [/cvmfs/larsoft.opensciencegrid.org/products/gcc/v6_4_0/Linux64bit+3.10-2.17/bin/../lib/gcc/../../include]
    add: [/usr/include]
  end of search list found
  collapse include dir [/cvmfs/larsoft.opensciencegrid.org/products/tbb/v2018_1/Linux64bit+3.10-2.17-e15-prof/include] ==> [/cvmfs/larsoft.opensciencegrid.org/products/tbb/v2018_1/Linux64bit+3.10-2.17-e15-prof/include]
  collapse include dir [/cvmfs/larsoft.opensciencegrid.org/products/gcc/v6_4_0/Linux64bit+3.10-2.17/bin/../lib/gcc/x86_64-pc-linux-gnu/6.4.0/include] ==> [/cvmfs/larsoft.opensciencegrid.org/products/gcc/v6_4_0/Linux64bit+3.10-2.17/lib/gcc/x86_64-pc-linux-gnu/6.4.0/include]
  collapse include dir [/cvmfs/larsoft.opensciencegrid.org/products/gcc/v6_4_0/Linux64bit+3.10-2.17/bin/../lib/gcc/x86_64-pc-linux-gnu/6.4.0/include-fixed] ==> [/cvmfs/larsoft.opensciencegrid.org/products/gcc/v6_4_0/Linux64bit+3.10-2.17/lib/gcc/x86_64-pc-linux-gnu/6.4.0/include-fixed]
  collapse include dir [/usr/local/include] ==> [/usr/local/include]
  collapse include dir [/cvmfs/larsoft.opensciencegrid.org/products/gcc/v6_4_0/Linux64bit+3.10-2.17/bin/../lib/gcc/../../include] ==> [/cvmfs/larsoft.opensciencegrid.org/products/gcc/v6_4_0/Linux64bit+3.10-2.17/include]
  collapse include dir [/usr/include] ==> [/usr/include]
  implicit include dirs: [/cvmfs/larsoft.opensciencegrid.org/products/tbb/v2018_1/Linux64bit+3.10-2.17-e15-prof/include;/cvmfs/larsoft.opensciencegrid.org/products/gcc/v6_4_0/Linux64bit+3.10-2.17/lib/gcc/x86_64-pc-linux-gnu/6.4.0/include;/cvmfs/larsoft.opensciencegrid.org/products/gcc/v6_4_0/Linux64bit+3.10-2.17/lib/gcc/x86_64-pc-linux-gnu/6.4.0/include-fixed;/usr/local/include;/cvmfs/larsoft.opensciencegrid.org/products/gcc/v6_4_0/Linux64bit+3.10-2.17/include;/usr/include]


Parsed C implicit link information from above output:
  link line regex: [^( *|.*[/\])(ld|CMAKE_LINK_STARTFILE-NOTFOUND|([^/\]+-)?ld|collect2)[^/\]*( |$)]
  ignore line: [Change Dir: /exp/sbnd/app/users/fnicolas/BNBFlux/HPStudies/build/CMakeFiles/CMakeTmp]
  ignore line: []
  ignore line: [Run Build Command(s):/usr/bin/gmake cmTC_1ee1b/fast ]
  ignore line: [/usr/bin/gmake -f CMakeFiles/cmTC_1ee1b.dir/build.make CMakeFiles/cmTC_1ee1b.dir/build]
  ignore line: [gmake[1]: Entering directory `/exp/sbnd/app/users/fnicolas/BNBFlux/HPStudies/build/CMakeFiles/CMakeTmp']
  ignore line: [Building C object CMakeFiles/cmTC_1ee1b.dir/CMakeCCompilerABI.c.o]
  ignore line: [/cvmfs/larsoft.opensciencegrid.org/products/gcc/v6_4_0/Linux64bit+3.10-2.17/bin/gcc   -v -o CMakeFiles/cmTC_1ee1b.dir/CMakeCCompilerABI.c.o   -c /cvmfs/larsoft.opensciencegrid.org/products/cmake/v3_14_3/Linux64bit+3.10-2.17/share/cmake-3.14/Modules/CMakeCCompilerABI.c]
  ignore line: [Using built-in specs.]
  ignore line: [COLLECT_GCC=/cvmfs/larsoft.opensciencegrid.org/products/gcc/v6_4_0/Linux64bit+3.10-2.17/bin/gcc]
  ignore line: [Target: x86_64-pc-linux-gnu]
  ignore line: [Configured with: ./configure --prefix=/scratch/workspace/art-build-base/v6_4_0/SLF7/build/gcc/v6_4_0/Linux64bit+3.10-2.17 --disable-libgcj --enable-threads=posix --enable-__cxa_atexit --enable-languages=c,c++,fortran,lto --with-system-zlib --enable-libstdcxx-time=rt --enable-stage1-checking=yes --enable-checking=release --enable-lto --enable-plugin]
  ignore line: [Thread model: posix]
  ignore line: [gcc version 6.4.0 (GCC) ]
  ignore line: [COLLECT_GCC_OPTIONS='-v' '-o' 'CMakeFiles/cmTC_1ee1b.dir/CMakeCCompilerABI.c.o' '-c' '-mtune=generic' '-march=x86-64']
  ignore line: [ /cvmfs/larsoft.opensciencegrid.org/products/gcc/v6_4_0/Linux64bit+3.10-2.17/bin/../libexec/gcc/x86_64-pc-linux-gnu/6.4.0/cc1 -quiet -v -iprefix /cvmfs/larsoft.opensciencegrid.org/products/gcc/v6_4_0/Linux64bit+3.10-2.17/bin/../lib/gcc/x86_64-pc-linux-gnu/6.4.0/ /cvmfs/larsoft.opensciencegrid.org/products/cmake/v3_14_3/Linux64bit+3.10-2.17/share/cmake-3.14/Modules/CMakeCCompilerABI.c -quiet -dumpbase CMakeCCompilerABI.c -mtune=generic -march=x86-64 -auxbase-strip CMakeFiles/cmTC_1ee1b.dir/CMakeCCompilerABI.c.o -version -o /tmp/ccrdaV3o.s]
  ignore line: [GNU C11 (GCC) version 6.4.0 (x86_64-pc-linux-gnu)]
  ignore line: [	compiled by GNU C version 6.4.0, GMP version 6.1.2, MPFR version 3.1.5, MPC version 1.0.3, isl version none]
  ignore line: [GGC heuristics: --param ggc-min-expand=100 --param ggc-min-heapsize=131072]
  ignore line: [ignoring nonexistent directory "/cvmfs/larsoft.opensciencegrid.org/products/gcc/v6_4_0/Linux64bit+3.10-2.17/bin/../lib/gcc/x86_64-pc-linux-gnu/6.4.0/../../../../x86_64-pc-linux-gnu/include"]
  ignore line: [ignoring duplicate directory "/cvmfs/larsoft.opensciencegrid.org/products/gcc/v6_4_0/Linux64bit+3.10-2.17/bin/../lib/gcc/../../lib/gcc/x86_64-pc-linux-gnu/6.4.0/include"]
  ignore line: [ignoring duplicate directory "/cvmfs/larsoft.opensciencegrid.org/products/gcc/v6_4_0/Linux64bit+3.10-2.17/bin/../lib/gcc/../../lib/gcc/x86_64-pc-linux-gnu/6.4.0/include-fixed"]
  ignore line: [ignoring nonexistent directory "/cvmfs/larsoft.opensciencegrid.org/products/gcc/v6_4_0/Linux64bit+3.10-2.17/bin/../lib/gcc/../../lib/gcc/x86_64-pc-linux-gnu/6.4.0/../../../../x86_64-pc-linux-gnu/include"]
  ignore line: [#include "..." search starts here:]
  ignore line: [#include <...> search starts here:]
  ignore line: [ /cvmfs/larsoft.opensciencegrid.org/products/tbb/v2018_1/Linux64bit+3.10-2.17-e15-prof/include]
  ignore line: [ /cvmfs/larsoft.opensciencegrid.org/products/gcc/v6_4_0/Linux64bit+3.10-2.17/bin/../lib/gcc/x86_64-pc-linux-gnu/6.4.0/include]
  ignore line: [ /cvmfs/larsoft.opensciencegrid.org/products/gcc/v6_4_0/Linux64bit+3.10-2.17/bin/../lib/gcc/x86_64-pc-linux-gnu/6.4.0/include-fixed]
  ignore line: [ /usr/local/include]
  ignore line: [ /cvmfs/larsoft.opensciencegrid.org/products/gcc/v6_4_0/Linux64bit+3.10-2.17/bin/../lib/gcc/../../include]
  ignore line: [ /usr/include]
  ignore line: [End of search list.]
  ignore line: [GNU C11 (GCC) version 6.4.0 (x86_64-pc-linux-gnu)]
  ignore line: [	compiled by GNU C version 6.4.0, GMP version 6.1.2, MPFR version 3.1.5, MPC version 1.0.3, isl version none]
  ignore line: [GGC heuristics: --param ggc-min-expand=100 --param ggc-min-heapsize=131072]
  ignore line: [Compiler executable checksum: 0e574ed32e7241f7560ea6c4bb162656]
  ignore line: [COLLECT_GCC_OPTIONS='-v' '-o' 'CMakeFiles/cmTC_1ee1b.dir/CMakeCCompilerABI.c.o' '-c' '-mtune=generic' '-march=x86-64']
  ignore line: [ as -v --64 -o CMakeFiles/cmTC_1ee1b.dir/CMakeCCompilerABI.c.o /tmp/ccrdaV3o.s]
  ignore line: [GNU assembler version 2.27 (x86_64-redhat-linux) using BFD version version 2.27-44.base.el7]
  ignore line: [COMPILER_PATH=/cvmfs/larsoft.opensciencegrid.org/products/gcc/v6_4_0/Linux64bit+3.10-2.17/bin/../libexec/gcc/x86_64-pc-linux-gnu/6.4.0/:/cvmfs/larsoft.opensciencegrid.org/products/gcc/v6_4_0/Linux64bit+3.10-2.17/bin/../libexec/gcc/:/cvmfs/larsoft.opensciencegrid.org/products/gcc/v6_4_0/Linux64bit+3.10-2.17/bin/]
  ignore line: [LIBRARY_PATH=/cvmfs/larsoft.opensciencegrid.org/products/gcc/v6_4_0/Linux64bit+3.10-2.17/bin/../lib/gcc/x86_64-pc-linux-gnu/6.4.0/:/cvmfs/larsoft.opensciencegrid.org/products/gcc/v6_4_0/Linux64bit+3.10-2.17/bin/../lib/gcc/:/cvmfs/larsoft.opensciencegrid.org/products/gcc/v6_4_0/Linux64bit+3.10-2.17/bin/../lib/gcc/x86_64-pc-linux-gnu/6.4.0/../../../../lib64/:/lib/../lib64/:/usr/lib/../lib64/:/cvmfs/larsoft.opensciencegrid.org/products/gcc/v6_4_0/Linux64bit+3.10-2.17/bin/../lib/gcc/x86_64-pc-linux-gnu/6.4.0/../../../:/lib/:/usr/lib/]
  ignore line: [COLLECT_GCC_OPTIONS='-v' '-o' 'CMakeFiles/cmTC_1ee1b.dir/CMakeCCompilerABI.c.o' '-c' '-mtune=generic' '-march=x86-64']
  ignore line: [Linking C executable cmTC_1ee1b]
  ignore line: [/cvmfs/larsoft.opensciencegrid.org/products/cmake/v3_14_3/Linux64bit+3.10-2.17/bin/cmake -E cmake_link_script CMakeFiles/cmTC_1ee1b.dir/link.txt --verbose=1]
  ignore line: [/cvmfs/larsoft.opensciencegrid.org/products/gcc/v6_4_0/Linux64bit+3.10-2.17/bin/gcc     -v -rdynamic CMakeFiles/cmTC_1ee1b.dir/CMakeCCompilerABI.c.o  -o cmTC_1ee1b ]
  ignore line: [Using built-in specs.]
  ignore line: [COLLECT_GCC=/cvmfs/larsoft.opensciencegrid.org/products/gcc/v6_4_0/Linux64bit+3.10-2.17/bin/gcc]
  ignore line: [COLLECT_LTO_WRAPPER=/cvmfs/larsoft.opensciencegrid.org/products/gcc/v6_4_0/Linux64bit+3.10-2.17/bin/../libexec/gcc/x86_64-pc-linux-gnu/6.4.0/lto-wrapper]
  ignore line: [Target: x86_64-pc-linux-gnu]
  ignore line: [Configured with: ./configure --prefix=/scratch/workspace/art-build-base/v6_4_0/SLF7/build/gcc/v6_4_0/Linux64bit+3.10-2.17 --disable-libgcj --enable-threads=posix --enable-__cxa_atexit --enable-languages=c,c++,fortran,lto --with-system-zlib --enable-libstdcxx-time=rt --enable-stage1-checking=yes --enable-checking=release --enable-lto --enable-plugin]
  ignore line: [Thread model: posix]
  ignore line: [gcc version 6.4.0 (GCC) ]
  ignore line: [COMPILER_PATH=/cvmfs/larsoft.opensciencegrid.org/products/gcc/v6_4_0/Linux64bit+3.10-2.17/bin/../libexec/gcc/x86_64-pc-linux-gnu/6.4.0/:/cvmfs/larsoft.opensciencegrid.org/products/gcc/v6_4_0/Linux64bit+3.10-2.17/bin/../libexec/gcc/:/cvmfs/larsoft.opensciencegrid.org/products/gcc/v6_4_0/Linux64bit+3.10-2.17/bin/]
  ignore line: [LIBRARY_PATH=/cvmfs/larsoft.opensciencegrid.org/products/gcc/v6_4_0/Linux64bit+3.10-2.17/bin/../lib/gcc/x86_64-pc-linux-gnu/6.4.0/:/cvmfs/larsoft.opensciencegrid.org/products/gcc/v6_4_0/Linux64bit+3.10-2.17/bin/../lib/gcc/:/cvmfs/larsoft.opensciencegrid.org/products/gcc/v6_4_0/Linux64bit+3.10-2.17/bin/../lib/gcc/x86_64-pc-linux-gnu/6.4.0/../../../../lib64/:/lib/../lib64/:/usr/lib/../lib64/:/cvmfs/larsoft.opensciencegrid.org/products/gcc/v6_4_0/Linux64bit+3.10-2.17/bin/../lib/gcc/x86_64-pc-linux-gnu/6.4.0/../../../:/lib/:/usr/lib/]
  ignore line: [COLLECT_GCC_OPTIONS='-v' '-rdynamic' '-o' 'cmTC_1ee1b' '-mtune=generic' '-march=x86-64']
  link line: [ /cvmfs/larsoft.opensciencegrid.org/products/gcc/v6_4_0/Linux64bit+3.10-2.17/bin/../libexec/gcc/x86_64-pc-linux-gnu/6.4.0/collect2 -plugin /cvmfs/larsoft.opensciencegrid.org/products/gcc/v6_4_0/Linux64bit+3.10-2.17/bin/../libexec/gcc/x86_64-pc-linux-gnu/6.4.0/liblto_plugin.so -plugin-opt=/cvmfs/larsoft.opensciencegrid.org/products/gcc/v6_4_0/Linux64bit+3.10-2.17/bin/../libexec/gcc/x86_64-pc-linux-gnu/6.4.0/lto-wrapper -plugin-opt=-fresolution=/tmp/ccwxJbmt.res -plugin-opt=-pass-through=-lgcc -plugin-opt=-pass-through=-lgcc_s -plugin-opt=-pass-through=-lc -plugin-opt=-pass-through=-lgcc -plugin-opt=-pass-through=-lgcc_s --eh-frame-hdr -m elf_x86_64 -export-dynamic -dynamic-linker /lib64/ld-linux-x86-64.so.2 -o cmTC_1ee1b /lib/../lib64/crt1.o /lib/../lib64/crti.o /cvmfs/larsoft.opensciencegrid.org/products/gcc/v6_4_0/Linux64bit+3.10-2.17/bin/../lib/gcc/x86_64-pc-linux-gnu/6.4.0/crtbegin.o -L/cvmfs/larsoft.opensciencegrid.org/products/gcc/v6_4_0/Linux64bit+3.10-2.17/bin/../lib/gcc/x86_64-pc-linux-gnu/6.4.0 -L/cvmfs/larsoft.opensciencegrid.org/products/gcc/v6_4_0/Linux64bit+3.10-2.17/bin/../lib/gcc -L/cvmfs/larsoft.opensciencegrid.org/products/gcc/v6_4_0/Linux64bit+3.10-2.17/bin/../lib/gcc/x86_64-pc-linux-gnu/6.4.0/../../../../lib64 -L/lib/../lib64 -L/usr/lib/../lib64 -L/cvmfs/larsoft.opensciencegrid.org/products/gcc/v6_4_0/Linux64bit+3.10-2.17/bin/../lib/gcc/x86_64-pc-linux-gnu/6.4.0/../../.. CMakeFiles/cmTC_1ee1b.dir/CMakeCCompilerABI.c.o -lgcc --as-needed -lgcc_s --no-as-needed -lc -lgcc --as-needed -lgcc_s --no-as-needed /cvmfs/larsoft.opensciencegrid.org/products/gcc/v6_4_0/Linux64bit+3.10-2.17/bin/../lib/gcc/x86_64-pc-linux-gnu/6.4.0/crtend.o /lib/../lib64/crtn.o]
    arg [/cvmfs/larsoft.opensciencegrid.org/products/gcc/v6_4_0/Linux64bit+3.10-2.17/bin/../libexec/gcc/x86_64-pc-linux-gnu/6.4.0/collect2] ==> ignore
    arg [-plugin] ==> ignore
    arg [/cvmfs/larsoft.opensciencegrid.org/products/gcc/v6_4_0/Linux64bit+3.10-2.17/bin/../libexec/gcc/x86_64-pc-linux-gnu/6.4.0/liblto_plugin.so] ==> ignore
    arg [-plugin-opt=/cvmfs/larsoft.opensciencegrid.org/products/gcc/v6_4_0/Linux64bit+3.10-2.17/bin/../libexec/gcc/x86_64-pc-linux-gnu/6.4.0/lto-wrapper] ==> ignore
    arg [-plugin-opt=-fresolution=/tmp/ccwxJbmt.res] ==> ignore
    arg [-plugin-opt=-pass-through=-lgcc] ==> ignore
    arg [-plugin-opt=-pass-through=-lgcc_s] ==> ignore
    arg [-plugin-opt=-pass-through=-lc] ==> ignore
    arg [-plugin-opt=-pass-through=-lgcc] ==> ignore
    arg [-plugin-opt=-pass-through=-lgcc_s] ==> ignore
    arg [--eh-frame-hdr] ==> ignore
    arg [-m] ==> ignore
    arg [elf_x86_64] ==> ignore
    arg [-export-dynamic] ==> ignore
    arg [-dynamic-linker] ==> ignore
    arg [/lib64/ld-linux-x86-64.so.2] ==> ignore
    arg [-o] ==> ignore
    arg [cmTC_1ee1b] ==> ignore
    arg [/lib/../lib64/crt1.o] ==> ignore
    arg [/lib/../lib64/crti.o] ==> ignore
    arg [/cvmfs/larsoft.opensciencegrid.org/products/gcc/v6_4_0/Linux64bit+3.10-2.17/bin/../lib/gcc/x86_64-pc-linux-gnu/6.4.0/crtbegin.o] ==> ignore
    arg [-L/cvmfs/larsoft.opensciencegrid.org/products/gcc/v6_4_0/Linux64bit+3.10-2.17/bin/../lib/gcc/x86_64-pc-linux-gnu/6.4.0] ==> dir [/cvmfs/larsoft.opensciencegrid.org/products/gcc/v6_4_0/Linux64bit+3.10-2.17/bin/../lib/gcc/x86_64-pc-linux-gnu/6.4.0]
    arg [-L/cvmfs/larsoft.opensciencegrid.org/products/gcc/v6_4_0/Linux64bit+3.10-2.17/bin/../lib/gcc] ==> dir [/cvmfs/larsoft.opensciencegrid.org/products/gcc/v6_4_0/Linux64bit+3.10-2.17/bin/../lib/gcc]
    arg [-L/cvmfs/larsoft.opensciencegrid.org/products/gcc/v6_4_0/Linux64bit+3.10-2.17/bin/../lib/gcc/x86_64-pc-linux-gnu/6.4.0/../../../../lib64] ==> dir [/cvmfs/larsoft.opensciencegrid.org/products/gcc/v6_4_0/Linux64bit+3.10-2.17/bin/../lib/gcc/x86_64-pc-linux-gnu/6.4.0/../../../../lib64]
    arg [-L/lib/../lib64] ==> dir [/lib/../lib64]
    arg [-L/usr/lib/../lib64] ==> dir [/usr/lib/../lib64]
    arg [-L/cvmfs/larsoft.opensciencegrid.org/products/gcc/v6_4_0/Linux64bit+3.10-2.17/bin/../lib/gcc/x86_64-pc-linux-gnu/6.4.0/../../..] ==> dir [/cvmfs/larsoft.opensciencegrid.org/products/gcc/v6_4_0/Linux64bit+3.10-2.17/bin/../lib/gcc/x86_64-pc-linux-gnu/6.4.0/../../..]
    arg [CMakeFiles/cmTC_1ee1b.dir/CMakeCCompilerABI.c.o] ==> ignore
    arg [-lgcc] ==> lib [gcc]
    arg [--as-needed] ==> ignore
    arg [-lgcc_s] ==> lib [gcc_s]
    arg [--no-as-needed] ==> ignore
    arg [-lc] ==> lib [c]
    arg [-lgcc] ==> lib [gcc]
    arg [--as-needed] ==> ignore
    arg [-lgcc_s] ==> lib [gcc_s]
    arg [--no-as-needed] ==> ignore
    arg [/cvmfs/larsoft.opensciencegrid.org/products/gcc/v6_4_0/Linux64bit+3.10-2.17/bin/../lib/gcc/x86_64-pc-linux-gnu/6.4.0/crtend.o] ==> ignore
    arg [/lib/../lib64/crtn.o] ==> ignore
  collapse library dir [/cvmfs/larsoft.opensciencegrid.org/products/gcc/v6_4_0/Linux64bit+3.10-2.17/bin/../lib/gcc/x86_64-pc-linux-gnu/6.4.0] ==> [/cvmfs/larsoft.opensciencegrid.org/products/gcc/v6_4_0/Linux64bit+3.10-2.17/lib/gcc/x86_64-pc-linux-gnu/6.4.0]
  collapse library dir [/cvmfs/larsoft.opensciencegrid.org/products/gcc/v6_4_0/Linux64bit+3.10-2.17/bin/../lib/gcc] ==> [/cvmfs/larsoft.opensciencegrid.org/products/gcc/v6_4_0/Linux64bit+3.10-2.17/lib/gcc]
  collapse library dir [/cvmfs/larsoft.opensciencegrid.org/products/gcc/v6_4_0/Linux64bit+3.10-2.17/bin/../lib/gcc/x86_64-pc-linux-gnu/6.4.0/../../../../lib64] ==> [/cvmfs/larsoft.opensciencegrid.org/products/gcc/v6_4_0/Linux64bit+3.10-2.17/lib64]
  collapse library dir [/lib/../lib64] ==> [/lib64]
  collapse library dir [/usr/lib/../lib64] ==> [/usr/lib64]
  collapse library dir [/cvmfs/larsoft.opensciencegrid.org/products/gcc/v6_4_0/Linux64bit+3.10-2.17/bin/../lib/gcc/x86_64-pc-linux-gnu/6.4.0/../../..] ==> [/cvmfs/larsoft.opensciencegrid.org/products/gcc/v6_4_0/Linux64bit+3.10-2.17/lib]
  implicit libs: [gcc;gcc_s;c;gcc;gcc_s]
  implicit dirs: [/cvmfs/larsoft.opensciencegrid.org/products/gcc/v6_4_0/Linux64bit+3.10-2.17/lib/gcc/x86_64-pc-linux-gnu/6.4.0;/cvmfs/larsoft.opensciencegrid.org/products/gcc/v6_4_0/Linux64bit+3.10-2.17/lib/gcc;/cvmfs/larsoft.opensciencegrid.org/products/gcc/v6_4_0/Linux64bit+3.10-2.17/lib64;/lib64;/usr/lib64;/cvmfs/larsoft.opensciencegrid.org/products/gcc/v6_4_0/Linux64bit+3.10-2.17/lib]
  implicit fwks: []




Detecting C [-std=c11] compiler features compiled with the following output:
Change Dir: /exp/sbnd/app/users/fnicolas/BNBFlux/HPStudies/build/CMakeFiles/CMakeTmp

Run Build Command(s):/usr/bin/gmake cmTC_9b81f/fast 
/usr/bin/gmake -f CMakeFiles/cmTC_9b81f.dir/build.make CMakeFiles/cmTC_9b81f.dir/build
gmake[1]: Entering directory `/exp/sbnd/app/users/fnicolas/BNBFlux/HPStudies/build/CMakeFiles/CMakeTmp'
Building C object CMakeFiles/cmTC_9b81f.dir/feature_tests.c.o
/cvmfs/larsoft.opensciencegrid.org/products/gcc/v6_4_0/Linux64bit+3.10-2.17/bin/gcc   -std=c11 -o CMakeFiles/cmTC_9b81f.dir/feature_tests.c.o   -c /exp/sbnd/app/users/fnicolas/BNBFlux/HPStudies/build/CMakeFiles/feature_tests.c
Linking C executable cmTC_9b81f
/cvmfs/larsoft.opensciencegrid.org/products/cmake/v3_14_3/Linux64bit+3.10-2.17/bin/cmake -E cmake_link_script CMakeFiles/cmTC_9b81f.dir/link.txt --verbose=1
/cvmfs/larsoft.opensciencegrid.org/products/gcc/v6_4_0/Linux64bit+3.10-2.17/bin/gcc      -rdynamic CMakeFiles/cmTC_9b81f.dir/feature_tests.c.o  -o cmTC_9b81f 
gmake[1]: Leaving directory `/exp/sbnd/app/users/fnicolas/BNBFlux/HPStudies/build/CMakeFiles/CMakeTmp'


    Feature record: C_FEATURE:1c_function_prototypes
    Feature record: C_FEATURE:1c_restrict
    Feature record: C_FEATURE:1c_static_assert
    Feature record: C_FEATURE:1c_variadic_macros


Detecting C [-std=c99] compiler features compiled with the following output:
Change Dir: /exp/sbnd/app/users/fnicolas/BNBFlux/HPStudies/build/CMakeFiles/CMakeTmp

Run Build Command(s):/usr/bin/gmake cmTC_af27e/fast 
/usr/bin/gmake -f CMakeFiles/cmTC_af27e.dir/build.make CMakeFiles/cmTC_af27e.dir/build
gmake[1]: Entering directory `/exp/sbnd/app/users/fnicolas/BNBFlux/HPStudies/build/CMakeFiles/CMakeTmp'
Building C object CMakeFiles/cmTC_af27e.dir/feature_tests.c.o
/cvmfs/larsoft.opensciencegrid.org/products/gcc/v6_4_0/Linux64bit+3.10-2.17/bin/gcc   -std=c99 -o CMakeFiles/cmTC_af27e.dir/feature_tests.c.o   -c /exp/sbnd/app/users/fnicolas/BNBFlux/HPStudies/build/CMakeFiles/feature_tests.c
Linking C executable cmTC_af27e
/cvmfs/larsoft.opensciencegrid.org/products/cmake/v3_14_3/Linux64bit+3.10-2.17/bin/cmake -E cmake_link_script CMakeFiles/cmTC_af27e.dir/link.txt --verbose=1
/cvmfs/larsoft.opensciencegrid.org/products/gcc/v6_4_0/Linux64bit+3.10-2.17/bin/gcc      -rdynamic CMakeFiles/cmTC_af27e.dir/feature_tests.c.o  -o cmTC_af27e 
gmake[1]: Leaving directory `/exp/sbnd/app/users/fnicolas/BNBFlux/HPStudies/build/CMakeFiles/CMakeTmp'


    Feature record: C_FEATURE:1c_function_prototypes
    Feature record: C_FEATURE:1c_restrict
    Feature record: C_FEATURE:0c_static_assert
    Feature record: C_FEATURE:1c_variadic_macros


Detecting C [-std=c90] compiler features compiled with the following output:
Change Dir: /exp/sbnd/app/users/fnicolas/BNBFlux/HPStudies/build/CMakeFiles/CMakeTmp

Run Build Command(s):/usr/bin/gmake cmTC_613ca/fast 
/usr/bin/gmake -f CMakeFiles/cmTC_613ca.dir/build.make CMakeFiles/cmTC_613ca.dir/build
gmake[1]: Entering directory `/exp/sbnd/app/users/fnicolas/BNBFlux/HPStudies/build/CMakeFiles/CMakeTmp'
Building C object CMakeFiles/cmTC_613ca.dir/feature_tests.c.o
/cvmfs/larsoft.opensciencegrid.org/products/gcc/v6_4_0/Linux64bit+3.10-2.17/bin/gcc   -std=c90 -o CMakeFiles/cmTC_613ca.dir/feature_tests.c.o   -c /exp/sbnd/app/users/fnicolas/BNBFlux/HPStudies/build/CMakeFiles/feature_tests.c
Linking C executable cmTC_613ca
/cvmfs/larsoft.opensciencegrid.org/products/cmake/v3_14_3/Linux64bit+3.10-2.17/bin/cmake -E cmake_link_script CMakeFiles/cmTC_613ca.dir/link.txt --verbose=1
/cvmfs/larsoft.opensciencegrid.org/products/gcc/v6_4_0/Linux64bit+3.10-2.17/bin/gcc      -rdynamic CMakeFiles/cmTC_613ca.dir/feature_tests.c.o  -o cmTC_613ca 
gmake[1]: Leaving directory `/exp/sbnd/app/users/fnicolas/BNBFlux/HPStudies/build/CMakeFiles/CMakeTmp'


    Feature record: C_FEATURE:1c_function_prototypes
    Feature record: C_FEATURE:0c_restrict
    Feature record: C_FEATURE:0c_static_assert
    Feature record: C_FEATURE:0c_variadic_macros
Determining if the CXX compiler works passed with the following output:
Change Dir: /exp/sbnd/app/users/fnicolas/BNBFlux/HPStudies/build/CMakeFiles/CMakeTmp

Run Build Command(s):/usr/bin/gmake cmTC_61dd5/fast 
/usr/bin/gmake -f CMakeFiles/cmTC_61dd5.dir/build.make CMakeFiles/cmTC_61dd5.dir/build
gmake[1]: Entering directory `/exp/sbnd/app/users/fnicolas/BNBFlux/HPStudies/build/CMakeFiles/CMakeTmp'
Building CXX object CMakeFiles/cmTC_61dd5.dir/testCXXCompiler.cxx.o
/cvmfs/larsoft.opensciencegrid.org/products/gcc/v6_4_0/Linux64bit+3.10-2.17/bin/g++     -o CMakeFiles/cmTC_61dd5.dir/testCXXCompiler.cxx.o -c /exp/sbnd/app/users/fnicolas/BNBFlux/HPStudies/build/CMakeFiles/CMakeTmp/testCXXCompiler.cxx
Linking CXX executable cmTC_61dd5
/cvmfs/larsoft.opensciencegrid.org/products/cmake/v3_14_3/Linux64bit+3.10-2.17/bin/cmake -E cmake_link_script CMakeFiles/cmTC_61dd5.dir/link.txt --verbose=1
/cvmfs/larsoft.opensciencegrid.org/products/gcc/v6_4_0/Linux64bit+3.10-2.17/bin/g++       -rdynamic CMakeFiles/cmTC_61dd5.dir/testCXXCompiler.cxx.o  -o cmTC_61dd5 
gmake[1]: Leaving directory `/exp/sbnd/app/users/fnicolas/BNBFlux/HPStudies/build/CMakeFiles/CMakeTmp'


Detecting CXX compiler ABI info compiled with the following output:
Change Dir: /exp/sbnd/app/users/fnicolas/BNBFlux/HPStudies/build/CMakeFiles/CMakeTmp

Run Build Command(s):/usr/bin/gmake cmTC_01cef/fast 
/usr/bin/gmake -f CMakeFiles/cmTC_01cef.dir/build.make CMakeFiles/cmTC_01cef.dir/build
gmake[1]: Entering directory `/exp/sbnd/app/users/fnicolas/BNBFlux/HPStudies/build/CMakeFiles/CMakeTmp'
Building CXX object CMakeFiles/cmTC_01cef.dir/CMakeCXXCompilerABI.cpp.o
/cvmfs/larsoft.opensciencegrid.org/products/gcc/v6_4_0/Linux64bit+3.10-2.17/bin/g++    -v -o CMakeFiles/cmTC_01cef.dir/CMakeCXXCompilerABI.cpp.o -c /cvmfs/larsoft.opensciencegrid.org/products/cmake/v3_14_3/Linux64bit+3.10-2.17/share/cmake-3.14/Modules/CMakeCXXCompilerABI.cpp
Using built-in specs.
COLLECT_GCC=/cvmfs/larsoft.opensciencegrid.org/products/gcc/v6_4_0/Linux64bit+3.10-2.17/bin/g++
Target: x86_64-pc-linux-gnu
Configured with: ./configure --prefix=/scratch/workspace/art-build-base/v6_4_0/SLF7/build/gcc/v6_4_0/Linux64bit+3.10-2.17 --disable-libgcj --enable-threads=posix --enable-__cxa_atexit --enable-languages=c,c++,fortran,lto --with-system-zlib --enable-libstdcxx-time=rt --enable-stage1-checking=yes --enable-checking=release --enable-lto --enable-plugin
Thread model: posix
gcc version 6.4.0 (GCC) 
COLLECT_GCC_OPTIONS='-v' '-o' 'CMakeFiles/cmTC_01cef.dir/CMakeCXXCompilerABI.cpp.o' '-c' '-shared-libgcc' '-mtune=generic' '-march=x86-64'
 /cvmfs/larsoft.opensciencegrid.org/products/gcc/v6_4_0/Linux64bit+3.10-2.17/bin/../libexec/gcc/x86_64-pc-linux-gnu/6.4.0/cc1plus -quiet -v -iprefix /cvmfs/larsoft.opensciencegrid.org/products/gcc/v6_4_0/Linux64bit+3.10-2.17/bin/../lib/gcc/x86_64-pc-linux-gnu/6.4.0/ -D_GNU_SOURCE /cvmfs/larsoft.opensciencegrid.org/products/cmake/v3_14_3/Linux64bit+3.10-2.17/share/cmake-3.14/Modules/CMakeCXXCompilerABI.cpp -quiet -dumpbase CMakeCXXCompilerABI.cpp -mtune=generic -march=x86-64 -auxbase-strip CMakeFiles/cmTC_01cef.dir/CMakeCXXCompilerABI.cpp.o -version -o /tmp/ccpMtHnH.s
GNU C++14 (GCC) version 6.4.0 (x86_64-pc-linux-gnu)
	compiled by GNU C version 6.4.0, GMP version 6.1.2, MPFR version 3.1.5, MPC version 1.0.3, isl version none
GGC heuristics: --param ggc-min-expand=100 --param ggc-min-heapsize=131072
ignoring nonexistent directory "/cvmfs/larsoft.opensciencegrid.org/products/gcc/v6_4_0/Linux64bit+3.10-2.17/bin/../lib/gcc/x86_64-pc-linux-gnu/6.4.0/../../../../x86_64-pc-linux-gnu/include"
ignoring duplicate directory "/cvmfs/larsoft.opensciencegrid.org/products/gcc/v6_4_0/Linux64bit+3.10-2.17/bin/../lib/gcc/../../lib/gcc/x86_64-pc-linux-gnu/6.4.0/../../../../include/c++/6.4.0"
ignoring duplicate directory "/cvmfs/larsoft.opensciencegrid.org/products/gcc/v6_4_0/Linux64bit+3.10-2.17/bin/../lib/gcc/../../lib/gcc/x86_64-pc-linux-gnu/6.4.0/../../../../include/c++/6.4.0/x86_64-pc-linux-gnu"
ignoring duplicate directory "/cvmfs/larsoft.opensciencegrid.org/products/gcc/v6_4_0/Linux64bit+3.10-2.17/bin/../lib/gcc/../../lib/gcc/x86_64-pc-linux-gnu/6.4.0/../../../../include/c++/6.4.0/backward"
ignoring duplicate directory "/cvmfs/larsoft.opensciencegrid.org/products/gcc/v6_4_0/Linux64bit+3.10-2.17/bin/../lib/gcc/../../lib/gcc/x86_64-pc-linux-gnu/6.4.0/include"
ignoring duplicate directory "/cvmfs/larsoft.opensciencegrid.org/products/gcc/v6_4_0/Linux64bit+3.10-2.17/bin/../lib/gcc/../../lib/gcc/x86_64-pc-linux-gnu/6.4.0/include-fixed"
ignoring nonexistent directory "/cvmfs/larsoft.opensciencegrid.org/products/gcc/v6_4_0/Linux64bit+3.10-2.17/bin/../lib/gcc/../../lib/gcc/x86_64-pc-linux-gnu/6.4.0/../../../../x86_64-pc-linux-gnu/include"
#include "..." search starts here:
#include <...> search starts here:
 /cvmfs/larsoft.opensciencegrid.org/products/tbb/v2018_1/Linux64bit+3.10-2.17-e15-prof/include
 /cvmfs/larsoft.opensciencegrid.org/products/gcc/v6_4_0/Linux64bit+3.10-2.17/bin/../lib/gcc/x86_64-pc-linux-gnu/6.4.0/../../../../include/c++/6.4.0
 /cvmfs/larsoft.opensciencegrid.org/products/gcc/v6_4_0/Linux64bit+3.10-2.17/bin/../lib/gcc/x86_64-pc-linux-gnu/6.4.0/../../../../include/c++/6.4.0/x86_64-pc-linux-gnu
 /cvmfs/larsoft.opensciencegrid.org/products/gcc/v6_4_0/Linux64bit+3.10-2.17/bin/../lib/gcc/x86_64-pc-linux-gnu/6.4.0/../../../../include/c++/6.4.0/backward
 /cvmfs/larsoft.opensciencegrid.org/products/gcc/v6_4_0/Linux64bit+3.10-2.17/bin/../lib/gcc/x86_64-pc-linux-gnu/6.4.0/include
 /cvmfs/larsoft.opensciencegrid.org/products/gcc/v6_4_0/Linux64bit+3.10-2.17/bin/../lib/gcc/x86_64-pc-linux-gnu/6.4.0/include-fixed
 /usr/local/include
 /cvmfs/larsoft.opensciencegrid.org/products/gcc/v6_4_0/Linux64bit+3.10-2.17/bin/../lib/gcc/../../include
 /usr/include
End of search list.
GNU C++14 (GCC) version 6.4.0 (x86_64-pc-linux-gnu)
	compiled by GNU C version 6.4.0, GMP version 6.1.2, MPFR version 3.1.5, MPC version 1.0.3, isl version none
GGC heuristics: --param ggc-min-expand=100 --param ggc-min-heapsize=131072
Compiler executable checksum: a1077b54c685421fb05eb1974e88f781
COLLECT_GCC_OPTIONS='-v' '-o' 'CMakeFiles/cmTC_01cef.dir/CMakeCXXCompilerABI.cpp.o' '-c' '-shared-libgcc' '-mtune=generic' '-march=x86-64'
 as -v --64 -o CMakeFiles/cmTC_01cef.dir/CMakeCXXCompilerABI.cpp.o /tmp/ccpMtHnH.s
GNU assembler version 2.27 (x86_64-redhat-linux) using BFD version version 2.27-44.base.el7
COMPILER_PATH=/cvmfs/larsoft.opensciencegrid.org/products/gcc/v6_4_0/Linux64bit+3.10-2.17/bin/../libexec/gcc/x86_64-pc-linux-gnu/6.4.0/:/cvmfs/larsoft.opensciencegrid.org/products/gcc/v6_4_0/Linux64bit+3.10-2.17/bin/../libexec/gcc/:/cvmfs/larsoft.opensciencegrid.org/products/gcc/v6_4_0/Linux64bit+3.10-2.17/bin/
LIBRARY_PATH=/cvmfs/larsoft.opensciencegrid.org/products/gcc/v6_4_0/Linux64bit+3.10-2.17/bin/../lib/gcc/x86_64-pc-linux-gnu/6.4.0/:/cvmfs/larsoft.opensciencegrid.org/products/gcc/v6_4_0/Linux64bit+3.10-2.17/bin/../lib/gcc/:/cvmfs/larsoft.opensciencegrid.org/products/gcc/v6_4_0/Linux64bit+3.10-2.17/bin/../lib/gcc/x86_64-pc-linux-gnu/6.4.0/../../../../lib64/:/lib/../lib64/:/usr/lib/../lib64/:/cvmfs/larsoft.opensciencegrid.org/products/gcc/v6_4_0/Linux64bit+3.10-2.17/bin/../lib/gcc/x86_64-pc-linux-gnu/6.4.0/../../../:/lib/:/usr/lib/
COLLECT_GCC_OPTIONS='-v' '-o' 'CMakeFiles/cmTC_01cef.dir/CMakeCXXCompilerABI.cpp.o' '-c' '-shared-libgcc' '-mtune=generic' '-march=x86-64'
Linking CXX executable cmTC_01cef
/cvmfs/larsoft.opensciencegrid.org/products/cmake/v3_14_3/Linux64bit+3.10-2.17/bin/cmake -E cmake_link_script CMakeFiles/cmTC_01cef.dir/link.txt --verbose=1
/cvmfs/larsoft.opensciencegrid.org/products/gcc/v6_4_0/Linux64bit+3.10-2.17/bin/g++      -v -rdynamic CMakeFiles/cmTC_01cef.dir/CMakeCXXCompilerABI.cpp.o  -o cmTC_01cef 
Using built-in specs.
COLLECT_GCC=/cvmfs/larsoft.opensciencegrid.org/products/gcc/v6_4_0/Linux64bit+3.10-2.17/bin/g++
COLLECT_LTO_WRAPPER=/cvmfs/larsoft.opensciencegrid.org/products/gcc/v6_4_0/Linux64bit+3.10-2.17/bin/../libexec/gcc/x86_64-pc-linux-gnu/6.4.0/lto-wrapper
Target: x86_64-pc-linux-gnu
Configured with: ./configure --prefix=/scratch/workspace/art-build-base/v6_4_0/SLF7/build/gcc/v6_4_0/Linux64bit+3.10-2.17 --disable-libgcj --enable-threads=posix --enable-__cxa_atexit --enable-languages=c,c++,fortran,lto --with-system-zlib --enable-libstdcxx-time=rt --enable-stage1-checking=yes --enable-checking=release --enable-lto --enable-plugin
Thread model: posix
gcc version 6.4.0 (GCC) 
COMPILER_PATH=/cvmfs/larsoft.opensciencegrid.org/products/gcc/v6_4_0/Linux64bit+3.10-2.17/bin/../libexec/gcc/x86_64-pc-linux-gnu/6.4.0/:/cvmfs/larsoft.opensciencegrid.org/products/gcc/v6_4_0/Linux64bit+3.10-2.17/bin/../libexec/gcc/:/cvmfs/larsoft.opensciencegrid.org/products/gcc/v6_4_0/Linux64bit+3.10-2.17/bin/
LIBRARY_PATH=/cvmfs/larsoft.opensciencegrid.org/products/gcc/v6_4_0/Linux64bit+3.10-2.17/bin/../lib/gcc/x86_64-pc-linux-gnu/6.4.0/:/cvmfs/larsoft.opensciencegrid.org/products/gcc/v6_4_0/Linux64bit+3.10-2.17/bin/../lib/gcc/:/cvmfs/larsoft.opensciencegrid.org/products/gcc/v6_4_0/Linux64bit+3.10-2.17/bin/../lib/gcc/x86_64-pc-linux-gnu/6.4.0/../../../../lib64/:/lib/../lib64/:/usr/lib/../lib64/:/cvmfs/larsoft.opensciencegrid.org/products/gcc/v6_4_0/Linux64bit+3.10-2.17/bin/../lib/gcc/x86_64-pc-linux-gnu/6.4.0/../../../:/lib/:/usr/lib/
COLLECT_GCC_OPTIONS='-v' '-rdynamic' '-o' 'cmTC_01cef' '-shared-libgcc' '-mtune=generic' '-march=x86-64'
 /cvmfs/larsoft.opensciencegrid.org/products/gcc/v6_4_0/Linux64bit+3.10-2.17/bin/../libexec/gcc/x86_64-pc-linux-gnu/6.4.0/collect2 -plugin /cvmfs/larsoft.opensciencegrid.org/products/gcc/v6_4_0/Linux64bit+3.10-2.17/bin/../libexec/gcc/x86_64-pc-linux-gnu/6.4.0/liblto_plugin.so -plugin-opt=/cvmfs/larsoft.opensciencegrid.org/products/gcc/v6_4_0/Linux64bit+3.10-2.17/bin/../libexec/gcc/x86_64-pc-linux-gnu/6.4.0/lto-wrapper -plugin-opt=-fresolution=/tmp/cctR7VZz.res -plugin-opt=-pass-through=-lgcc_s -plugin-opt=-pass-through=-lgcc -plugin-opt=-pass-through=-lc -plugin-opt=-pass-through=-lgcc_s -plugin-opt=-pass-through=-lgcc --eh-frame-hdr -m elf_x86_64 -export-dynamic -dynamic-linker /lib64/ld-linux-x86-64.so.2 -o cmTC_01cef /lib/../lib64/crt1.o /lib/../lib64/crti.o /cvmfs/larsoft.opensciencegrid.org/products/gcc/v6_4_0/Linux64bit+3.10-2.17/bin/../lib/gcc/x86_64-pc-linux-gnu/6.4.0/crtbegin.o -L/cvmfs/larsoft.opensciencegrid.org/products/gcc/v6_4_0/Linux64bit+3.10-2.17/bin/../lib/gcc/x86_64-pc-linux-gnu/6.4.0 -L/cvmfs/larsoft.opensciencegrid.org/products/gcc/v6_4_0/Linux64bit+3.10-2.17/bin/../lib/gcc -L/cvmfs/larsoft.opensciencegrid.org/products/gcc/v6_4_0/Linux64bit+3.10-2.17/bin/../lib/gcc/x86_64-pc-linux-gnu/6.4.0/../../../../lib64 -L/lib/../lib64 -L/usr/lib/../lib64 -L/cvmfs/larsoft.opensciencegrid.org/products/gcc/v6_4_0/Linux64bit+3.10-2.17/bin/../lib/gcc/x86_64-pc-linux-gnu/6.4.0/../../.. CMakeFiles/cmTC_01cef.dir/CMakeCXXCompilerABI.cpp.o -lstdc++ -lm -lgcc_s -lgcc -lc -lgcc_s -lgcc /cvmfs/larsoft.opensciencegrid.org/products/gcc/v6_4_0/Linux64bit+3.10-2.17/bin/../lib/gcc/x86_64-pc-linux-gnu/6.4.0/crtend.o /lib/../lib64/crtn.o
COLLECT_GCC_OPTIONS='-v' '-rdynamic' '-o' 'cmTC_01cef' '-shared-libgcc' '-mtune=generic' '-march=x86-64'
gmake[1]: Leaving directory `/exp/sbnd/app/users/fnicolas/BNBFlux/HPStudies/build/CMakeFiles/CMakeTmp'


Parsed CXX implicit include dir info from above output: rv=done
  found start of include info
  found start of implicit include info
    add: [/cvmfs/larsoft.opensciencegrid.org/products/tbb/v2018_1/Linux64bit+3.10-2.17-e15-prof/include]
    add: [/cvmfs/larsoft.opensciencegrid.org/products/gcc/v6_4_0/Linux64bit+3.10-2.17/bin/../lib/gcc/x86_64-pc-linux-gnu/6.4.0/../../../../include/c++/6.4.0]
    add: [/cvmfs/larsoft.opensciencegrid.org/products/gcc/v6_4_0/Linux64bit+3.10-2.17/bin/../lib/gcc/x86_64-pc-linux-gnu/6.4.0/../../../../include/c++/6.4.0/x86_64-pc-linux-gnu]
    add: [/cvmfs/larsoft.opensciencegrid.org/products/gcc/v6_4_0/Linux64bit+3.10-2.17/bin/../lib/gcc/x86_64-pc-linux-gnu/6.4.0/../../../../include/c++/6.4.0/backward]
    add: [/cvmfs/larsoft.opensciencegrid.org/products/gcc/v6_4_0/Linux64bit+3.10-2.17/bin/../lib/gcc/x86_64-pc-linux-gnu/6.4.0/include]
    add: [/cvmfs/larsoft.opensciencegrid.org/products/gcc/v6_4_0/Linux64bit+3.10-2.17/bin/../lib/gcc/x86_64-pc-linux-gnu/6.4.0/include-fixed]
    add: [/usr/local/include]
    add: [/cvmfs/larsoft.opensciencegrid.org/products/gcc/v6_4_0/Linux64bit+3.10-2.17/bin/../lib/gcc/../../include]
    add: [/usr/include]
  end of search list found
  collapse include dir [/cvmfs/larsoft.opensciencegrid.org/products/tbb/v2018_1/Linux64bit+3.10-2.17-e15-prof/include] ==> [/cvmfs/larsoft.opensciencegrid.org/products/tbb/v2018_1/Linux64bit+3.10-2.17-e15-prof/include]
  collapse include dir [/cvmfs/larsoft.opensciencegrid.org/products/gcc/v6_4_0/Linux64bit+3.10-2.17/bin/../lib/gcc/x86_64-pc-linux-gnu/6.4.0/../../../../include/c++/6.4.0] ==> [/cvmfs/larsoft.opensciencegrid.org/products/gcc/v6_4_0/Linux64bit+3.10-2.17/include/c++/6.4.0]
  collapse include dir [/cvmfs/larsoft.opensciencegrid.org/products/gcc/v6_4_0/Linux64bit+3.10-2.17/bin/../lib/gcc/x86_64-pc-linux-gnu/6.4.0/../../../../include/c++/6.4.0/x86_64-pc-linux-gnu] ==> [/cvmfs/larsoft.opensciencegrid.org/products/gcc/v6_4_0/Linux64bit+3.10-2.17/include/c++/6.4.0/x86_64-pc-linux-gnu]
  collapse include dir [/cvmfs/larsoft.opensciencegrid.org/products/gcc/v6_4_0/Linux64bit+3.10-2.17/bin/../lib/gcc/x86_64-pc-linux-gnu/6.4.0/../../../../include/c++/6.4.0/backward] ==> [/cvmfs/larsoft.opensciencegrid.org/products/gcc/v6_4_0/Linux64bit+3.10-2.17/include/c++/6.4.0/backward]
  collapse include dir [/cvmfs/larsoft.opensciencegrid.org/products/gcc/v6_4_0/Linux64bit+3.10-2.17/bin/../lib/gcc/x86_64-pc-linux-gnu/6.4.0/include] ==> [/cvmfs/larsoft.opensciencegrid.org/products/gcc/v6_4_0/Linux64bit+3.10-2.17/lib/gcc/x86_64-pc-linux-gnu/6.4.0/include]
  collapse include dir [/cvmfs/larsoft.opensciencegrid.org/products/gcc/v6_4_0/Linux64bit+3.10-2.17/bin/../lib/gcc/x86_64-pc-linux-gnu/6.4.0/include-fixed] ==> [/cvmfs/larsoft.opensciencegrid.org/products/gcc/v6_4_0/Linux64bit+3.10-2.17/lib/gcc/x86_64-pc-linux-gnu/6.4.0/include-fixed]
  collapse include dir [/usr/local/include] ==> [/usr/local/include]
  collapse include dir [/cvmfs/larsoft.opensciencegrid.org/products/gcc/v6_4_0/Linux64bit+3.10-2.17/bin/../lib/gcc/../../include] ==> [/cvmfs/larsoft.opensciencegrid.org/products/gcc/v6_4_0/Linux64bit+3.10-2.17/include]
  collapse include dir [/usr/include] ==> [/usr/include]
  implicit include dirs: [/cvmfs/larsoft.opensciencegrid.org/products/tbb/v2018_1/Linux64bit+3.10-2.17-e15-prof/include;/cvmfs/larsoft.opensciencegrid.org/products/gcc/v6_4_0/Linux64bit+3.10-2.17/include/c++/6.4.0;/cvmfs/larsoft.opensciencegrid.org/products/gcc/v6_4_0/Linux64bit+3.10-2.17/include/c++/6.4.0/x86_64-pc-linux-gnu;/cvmfs/larsoft.opensciencegrid.org/products/gcc/v6_4_0/Linux64bit+3.10-2.17/include/c++/6.4.0/backward;/cvmfs/larsoft.opensciencegrid.org/products/gcc/v6_4_0/Linux64bit+3.10-2.17/lib/gcc/x86_64-pc-linux-gnu/6.4.0/include;/cvmfs/larsoft.opensciencegrid.org/products/gcc/v6_4_0/Linux64bit+3.10-2.17/lib/gcc/x86_64-pc-linux-gnu/6.4.0/include-fixed;/usr/local/include;/cvmfs/larsoft.opensciencegrid.org/products/gcc/v6_4_0/Linux64bit+3.10-2.17/include;/usr/include]


Parsed CXX implicit link information from above output:
  link line regex: [^( *|.*[/\])(ld|CMAKE_LINK_STARTFILE-NOTFOUND|([^/\]+-)?ld|collect2)[^/\]*( |$)]
  ignore line: [Change Dir: /exp/sbnd/app/users/fnicolas/BNBFlux/HPStudies/build/CMakeFiles/CMakeTmp]
  ignore line: []
  ignore line: [Run Build Command(s):/usr/bin/gmake cmTC_01cef/fast ]
  ignore line: [/usr/bin/gmake -f CMakeFiles/cmTC_01cef.dir/build.make CMakeFiles/cmTC_01cef.dir/build]
  ignore line: [gmake[1]: Entering directory `/exp/sbnd/app/users/fnicolas/BNBFlux/HPStudies/build/CMakeFiles/CMakeTmp']
  ignore line: [Building CXX object CMakeFiles/cmTC_01cef.dir/CMakeCXXCompilerABI.cpp.o]
  ignore line: [/cvmfs/larsoft.opensciencegrid.org/products/gcc/v6_4_0/Linux64bit+3.10-2.17/bin/g++    -v -o CMakeFiles/cmTC_01cef.dir/CMakeCXXCompilerABI.cpp.o -c /cvmfs/larsoft.opensciencegrid.org/products/cmake/v3_14_3/Linux64bit+3.10-2.17/share/cmake-3.14/Modules/CMakeCXXCompilerABI.cpp]
  ignore line: [Using built-in specs.]
  ignore line: [COLLECT_GCC=/cvmfs/larsoft.opensciencegrid.org/products/gcc/v6_4_0/Linux64bit+3.10-2.17/bin/g++]
  ignore line: [Target: x86_64-pc-linux-gnu]
  ignore line: [Configured with: ./configure --prefix=/scratch/workspace/art-build-base/v6_4_0/SLF7/build/gcc/v6_4_0/Linux64bit+3.10-2.17 --disable-libgcj --enable-threads=posix --enable-__cxa_atexit --enable-languages=c,c++,fortran,lto --with-system-zlib --enable-libstdcxx-time=rt --enable-stage1-checking=yes --enable-checking=release --enable-lto --enable-plugin]
  ignore line: [Thread model: posix]
  ignore line: [gcc version 6.4.0 (GCC) ]
  ignore line: [COLLECT_GCC_OPTIONS='-v' '-o' 'CMakeFiles/cmTC_01cef.dir/CMakeCXXCompilerABI.cpp.o' '-c' '-shared-libgcc' '-mtune=generic' '-march=x86-64']
  ignore line: [ /cvmfs/larsoft.opensciencegrid.org/products/gcc/v6_4_0/Linux64bit+3.10-2.17/bin/../libexec/gcc/x86_64-pc-linux-gnu/6.4.0/cc1plus -quiet -v -iprefix /cvmfs/larsoft.opensciencegrid.org/products/gcc/v6_4_0/Linux64bit+3.10-2.17/bin/../lib/gcc/x86_64-pc-linux-gnu/6.4.0/ -D_GNU_SOURCE /cvmfs/larsoft.opensciencegrid.org/products/cmake/v3_14_3/Linux64bit+3.10-2.17/share/cmake-3.14/Modules/CMakeCXXCompilerABI.cpp -quiet -dumpbase CMakeCXXCompilerABI.cpp -mtune=generic -march=x86-64 -auxbase-strip CMakeFiles/cmTC_01cef.dir/CMakeCXXCompilerABI.cpp.o -version -o /tmp/ccpMtHnH.s]
  ignore line: [GNU C++14 (GCC) version 6.4.0 (x86_64-pc-linux-gnu)]
  ignore line: [	compiled by GNU C version 6.4.0, GMP version 6.1.2, MPFR version 3.1.5, MPC version 1.0.3, isl version none]
  ignore line: [GGC heuristics: --param ggc-min-expand=100 --param ggc-min-heapsize=131072]
  ignore line: [ignoring nonexistent directory "/cvmfs/larsoft.opensciencegrid.org/products/gcc/v6_4_0/Linux64bit+3.10-2.17/bin/../lib/gcc/x86_64-pc-linux-gnu/6.4.0/../../../../x86_64-pc-linux-gnu/include"]
  ignore line: [ignoring duplicate directory "/cvmfs/larsoft.opensciencegrid.org/products/gcc/v6_4_0/Linux64bit+3.10-2.17/bin/../lib/gcc/../../lib/gcc/x86_64-pc-linux-gnu/6.4.0/../../../../include/c++/6.4.0"]
  ignore line: [ignoring duplicate directory "/cvmfs/larsoft.opensciencegrid.org/products/gcc/v6_4_0/Linux64bit+3.10-2.17/bin/../lib/gcc/../../lib/gcc/x86_64-pc-linux-gnu/6.4.0/../../../../include/c++/6.4.0/x86_64-pc-linux-gnu"]
  ignore line: [ignoring duplicate directory "/cvmfs/larsoft.opensciencegrid.org/products/gcc/v6_4_0/Linux64bit+3.10-2.17/bin/../lib/gcc/../../lib/gcc/x86_64-pc-linux-gnu/6.4.0/../../../../include/c++/6.4.0/backward"]
  ignore line: [ignoring duplicate directory "/cvmfs/larsoft.opensciencegrid.org/products/gcc/v6_4_0/Linux64bit+3.10-2.17/bin/../lib/gcc/../../lib/gcc/x86_64-pc-linux-gnu/6.4.0/include"]
  ignore line: [ignoring duplicate directory "/cvmfs/larsoft.opensciencegrid.org/products/gcc/v6_4_0/Linux64bit+3.10-2.17/bin/../lib/gcc/../../lib/gcc/x86_64-pc-linux-gnu/6.4.0/include-fixed"]
  ignore line: [ignoring nonexistent directory "/cvmfs/larsoft.opensciencegrid.org/products/gcc/v6_4_0/Linux64bit+3.10-2.17/bin/../lib/gcc/../../lib/gcc/x86_64-pc-linux-gnu/6.4.0/../../../../x86_64-pc-linux-gnu/include"]
  ignore line: [#include "..." search starts here:]
  ignore line: [#include <...> search starts here:]
  ignore line: [ /cvmfs/larsoft.opensciencegrid.org/products/tbb/v2018_1/Linux64bit+3.10-2.17-e15-prof/include]
  ignore line: [ /cvmfs/larsoft.opensciencegrid.org/products/gcc/v6_4_0/Linux64bit+3.10-2.17/bin/../lib/gcc/x86_64-pc-linux-gnu/6.4.0/../../../../include/c++/6.4.0]
  ignore line: [ /cvmfs/larsoft.opensciencegrid.org/products/gcc/v6_4_0/Linux64bit+3.10-2.17/bin/../lib/gcc/x86_64-pc-linux-gnu/6.4.0/../../../../include/c++/6.4.0/x86_64-pc-linux-gnu]
  ignore line: [ /cvmfs/larsoft.opensciencegrid.org/products/gcc/v6_4_0/Linux64bit+3.10-2.17/bin/../lib/gcc/x86_64-pc-linux-gnu/6.4.0/../../../../include/c++/6.4.0/backward]
  ignore line: [ /cvmfs/larsoft.opensciencegrid.org/products/gcc/v6_4_0/Linux64bit+3.10-2.17/bin/../lib/gcc/x86_64-pc-linux-gnu/6.4.0/include]
  ignore line: [ /cvmfs/larsoft.opensciencegrid.org/products/gcc/v6_4_0/Linux64bit+3.10-2.17/bin/../lib/gcc/x86_64-pc-linux-gnu/6.4.0/include-fixed]
  ignore line: [ /usr/local/include]
  ignore line: [ /cvmfs/larsoft.opensciencegrid.org/products/gcc/v6_4_0/Linux64bit+3.10-2.17/bin/../lib/gcc/../../include]
  ignore line: [ /usr/include]
  ignore line: [End of search list.]
  ignore line: [GNU C++14 (GCC) version 6.4.0 (x86_64-pc-linux-gnu)]
  ignore line: [	compiled by GNU C version 6.4.0, GMP version 6.1.2, MPFR version 3.1.5, MPC version 1.0.3, isl version none]
  ignore line: [GGC heuristics: --param ggc-min-expand=100 --param ggc-min-heapsize=131072]
  ignore line: [Compiler executable checksum: a1077b54c685421fb05eb1974e88f781]
  ignore line: [COLLECT_GCC_OPTIONS='-v' '-o' 'CMakeFiles/cmTC_01cef.dir/CMakeCXXCompilerABI.cpp.o' '-c' '-shared-libgcc' '-mtune=generic' '-march=x86-64']
  ignore line: [ as -v --64 -o CMakeFiles/cmTC_01cef.dir/CMakeCXXCompilerABI.cpp.o /tmp/ccpMtHnH.s]
  ignore line: [GNU assembler version 2.27 (x86_64-redhat-linux) using BFD version version 2.27-44.base.el7]
  ignore line: [COMPILER_PATH=/cvmfs/larsoft.opensciencegrid.org/products/gcc/v6_4_0/Linux64bit+3.10-2.17/bin/../libexec/gcc/x86_64-pc-linux-gnu/6.4.0/:/cvmfs/larsoft.opensciencegrid.org/products/gcc/v6_4_0/Linux64bit+3.10-2.17/bin/../libexec/gcc/:/cvmfs/larsoft.opensciencegrid.org/products/gcc/v6_4_0/Linux64bit+3.10-2.17/bin/]
  ignore line: [LIBRARY_PATH=/cvmfs/larsoft.opensciencegrid.org/products/gcc/v6_4_0/Linux64bit+3.10-2.17/bin/../lib/gcc/x86_64-pc-linux-gnu/6.4.0/:/cvmfs/larsoft.opensciencegrid.org/products/gcc/v6_4_0/Linux64bit+3.10-2.17/bin/../lib/gcc/:/cvmfs/larsoft.opensciencegrid.org/products/gcc/v6_4_0/Linux64bit+3.10-2.17/bin/../lib/gcc/x86_64-pc-linux-gnu/6.4.0/../../../../lib64/:/lib/../lib64/:/usr/lib/../lib64/:/cvmfs/larsoft.opensciencegrid.org/products/gcc/v6_4_0/Linux64bit+3.10-2.17/bin/../lib/gcc/x86_64-pc-linux-gnu/6.4.0/../../../:/lib/:/usr/lib/]
  ignore line: [COLLECT_GCC_OPTIONS='-v' '-o' 'CMakeFiles/cmTC_01cef.dir/CMakeCXXCompilerABI.cpp.o' '-c' '-shared-libgcc' '-mtune=generic' '-march=x86-64']
  ignore line: [Linking CXX executable cmTC_01cef]
  ignore line: [/cvmfs/larsoft.opensciencegrid.org/products/cmake/v3_14_3/Linux64bit+3.10-2.17/bin/cmake -E cmake_link_script CMakeFiles/cmTC_01cef.dir/link.txt --verbose=1]
  ignore line: [/cvmfs/larsoft.opensciencegrid.org/products/gcc/v6_4_0/Linux64bit+3.10-2.17/bin/g++      -v -rdynamic CMakeFiles/cmTC_01cef.dir/CMakeCXXCompilerABI.cpp.o  -o cmTC_01cef ]
  ignore line: [Using built-in specs.]
  ignore line: [COLLECT_GCC=/cvmfs/larsoft.opensciencegrid.org/products/gcc/v6_4_0/Linux64bit+3.10-2.17/bin/g++]
  ignore line: [COLLECT_LTO_WRAPPER=/cvmfs/larsoft.opensciencegrid.org/products/gcc/v6_4_0/Linux64bit+3.10-2.17/bin/../libexec/gcc/x86_64-pc-linux-gnu/6.4.0/lto-wrapper]
  ignore line: [Target: x86_64-pc-linux-gnu]
  ignore line: [Configured with: ./configure --prefix=/scratch/workspace/art-build-base/v6_4_0/SLF7/build/gcc/v6_4_0/Linux64bit+3.10-2.17 --disable-libgcj --enable-threads=posix --enable-__cxa_atexit --enable-languages=c,c++,fortran,lto --with-system-zlib --enable-libstdcxx-time=rt --enable-stage1-checking=yes --enable-checking=release --enable-lto --enable-plugin]
  ignore line: [Thread model: posix]
  ignore line: [gcc version 6.4.0 (GCC) ]
  ignore line: [COMPILER_PATH=/cvmfs/larsoft.opensciencegrid.org/products/gcc/v6_4_0/Linux64bit+3.10-2.17/bin/../libexec/gcc/x86_64-pc-linux-gnu/6.4.0/:/cvmfs/larsoft.opensciencegrid.org/products/gcc/v6_4_0/Linux64bit+3.10-2.17/bin/../libexec/gcc/:/cvmfs/larsoft.opensciencegrid.org/products/gcc/v6_4_0/Linux64bit+3.10-2.17/bin/]
  ignore line: [LIBRARY_PATH=/cvmfs/larsoft.opensciencegrid.org/products/gcc/v6_4_0/Linux64bit+3.10-2.17/bin/../lib/gcc/x86_64-pc-linux-gnu/6.4.0/:/cvmfs/larsoft.opensciencegrid.org/products/gcc/v6_4_0/Linux64bit+3.10-2.17/bin/../lib/gcc/:/cvmfs/larsoft.opensciencegrid.org/products/gcc/v6_4_0/Linux64bit+3.10-2.17/bin/../lib/gcc/x86_64-pc-linux-gnu/6.4.0/../../../../lib64/:/lib/../lib64/:/usr/lib/../lib64/:/cvmfs/larsoft.opensciencegrid.org/products/gcc/v6_4_0/Linux64bit+3.10-2.17/bin/../lib/gcc/x86_64-pc-linux-gnu/6.4.0/../../../:/lib/:/usr/lib/]
  ignore line: [COLLECT_GCC_OPTIONS='-v' '-rdynamic' '-o' 'cmTC_01cef' '-shared-libgcc' '-mtune=generic' '-march=x86-64']
  link line: [ /cvmfs/larsoft.opensciencegrid.org/products/gcc/v6_4_0/Linux64bit+3.10-2.17/bin/../libexec/gcc/x86_64-pc-linux-gnu/6.4.0/collect2 -plugin /cvmfs/larsoft.opensciencegrid.org/products/gcc/v6_4_0/Linux64bit+3.10-2.17/bin/../libexec/gcc/x86_64-pc-linux-gnu/6.4.0/liblto_plugin.so -plugin-opt=/cvmfs/larsoft.opensciencegrid.org/products/gcc/v6_4_0/Linux64bit+3.10-2.17/bin/../libexec/gcc/x86_64-pc-linux-gnu/6.4.0/lto-wrapper -plugin-opt=-fresolution=/tmp/cctR7VZz.res -plugin-opt=-pass-through=-lgcc_s -plugin-opt=-pass-through=-lgcc -plugin-opt=-pass-through=-lc -plugin-opt=-pass-through=-lgcc_s -plugin-opt=-pass-through=-lgcc --eh-frame-hdr -m elf_x86_64 -export-dynamic -dynamic-linker /lib64/ld-linux-x86-64.so.2 -o cmTC_01cef /lib/../lib64/crt1.o /lib/../lib64/crti.o /cvmfs/larsoft.opensciencegrid.org/products/gcc/v6_4_0/Linux64bit+3.10-2.17/bin/../lib/gcc/x86_64-pc-linux-gnu/6.4.0/crtbegin.o -L/cvmfs/larsoft.opensciencegrid.org/products/gcc/v6_4_0/Linux64bit+3.10-2.17/bin/../lib/gcc/x86_64-pc-linux-gnu/6.4.0 -L/cvmfs/larsoft.opensciencegrid.org/products/gcc/v6_4_0/Linux64bit+3.10-2.17/bin/../lib/gcc -L/cvmfs/larsoft.opensciencegrid.org/products/gcc/v6_4_0/Linux64bit+3.10-2.17/bin/../lib/gcc/x86_64-pc-linux-gnu/6.4.0/../../../../lib64 -L/lib/../lib64 -L/usr/lib/../lib64 -L/cvmfs/larsoft.opensciencegrid.org/products/gcc/v6_4_0/Linux64bit+3.10-2.17/bin/../lib/gcc/x86_64-pc-linux-gnu/6.4.0/../../.. CMakeFiles/cmTC_01cef.dir/CMakeCXXCompilerABI.cpp.o -lstdc++ -lm -lgcc_s -lgcc -lc -lgcc_s -lgcc /cvmfs/larsoft.opensciencegrid.org/products/gcc/v6_4_0/Linux64bit+3.10-2.17/bin/../lib/gcc/x86_64-pc-linux-gnu/6.4.0/crtend.o /lib/../lib64/crtn.o]
    arg [/cvmfs/larsoft.opensciencegrid.org/products/gcc/v6_4_0/Linux64bit+3.10-2.17/bin/../libexec/gcc/x86_64-pc-linux-gnu/6.4.0/collect2] ==> ignore
    arg [-plugin] ==> ignore
    arg [/cvmfs/larsoft.opensciencegrid.org/products/gcc/v6_4_0/Linux64bit+3.10-2.17/bin/../libexec/gcc/x86_64-pc-linux-gnu/6.4.0/liblto_plugin.so] ==> ignore
    arg [-plugin-opt=/cvmfs/larsoft.opensciencegrid.org/products/gcc/v6_4_0/Linux64bit+3.10-2.17/bin/../libexec/gcc/x86_64-pc-linux-gnu/6.4.0/lto-wrapper] ==> ignore
    arg [-plugin-opt=-fresolution=/tmp/cctR7VZz.res] ==> ignore
    arg [-plugin-opt=-pass-through=-lgcc_s] ==> ignore
    arg [-plugin-opt=-pass-through=-lgcc] ==> ignore
    arg [-plugin-opt=-pass-through=-lc] ==> ignore
    arg [-plugin-opt=-pass-through=-lgcc_s] ==> ignore
    arg [-plugin-opt=-pass-through=-lgcc] ==> ignore
    arg [--eh-frame-hdr] ==> ignore
    arg [-m] ==> ignore
    arg [elf_x86_64] ==> ignore
    arg [-export-dynamic] ==> ignore
    arg [-dynamic-linker] ==> ignore
    arg [/lib64/ld-linux-x86-64.so.2] ==> ignore
    arg [-o] ==> ignore
    arg [cmTC_01cef] ==> ignore
    arg [/lib/../lib64/crt1.o] ==> ignore
    arg [/lib/../lib64/crti.o] ==> ignore
    arg [/cvmfs/larsoft.opensciencegrid.org/products/gcc/v6_4_0/Linux64bit+3.10-2.17/bin/../lib/gcc/x86_64-pc-linux-gnu/6.4.0/crtbegin.o] ==> ignore
    arg [-L/cvmfs/larsoft.opensciencegrid.org/products/gcc/v6_4_0/Linux64bit+3.10-2.17/bin/../lib/gcc/x86_64-pc-linux-gnu/6.4.0] ==> dir [/cvmfs/larsoft.opensciencegrid.org/products/gcc/v6_4_0/Linux64bit+3.10-2.17/bin/../lib/gcc/x86_64-pc-linux-gnu/6.4.0]
    arg [-L/cvmfs/larsoft.opensciencegrid.org/products/gcc/v6_4_0/Linux64bit+3.10-2.17/bin/../lib/gcc] ==> dir [/cvmfs/larsoft.opensciencegrid.org/products/gcc/v6_4_0/Linux64bit+3.10-2.17/bin/../lib/gcc]
    arg [-L/cvmfs/larsoft.opensciencegrid.org/products/gcc/v6_4_0/Linux64bit+3.10-2.17/bin/../lib/gcc/x86_64-pc-linux-gnu/6.4.0/../../../../lib64] ==> dir [/cvmfs/larsoft.opensciencegrid.org/products/gcc/v6_4_0/Linux64bit+3.10-2.17/bin/../lib/gcc/x86_64-pc-linux-gnu/6.4.0/../../../../lib64]
    arg [-L/lib/../lib64] ==> dir [/lib/../lib64]
    arg [-L/usr/lib/../lib64] ==> dir [/usr/lib/../lib64]
    arg [-L/cvmfs/larsoft.opensciencegrid.org/products/gcc/v6_4_0/Linux64bit+3.10-2.17/bin/../lib/gcc/x86_64-pc-linux-gnu/6.4.0/../../..] ==> dir [/cvmfs/larsoft.opensciencegrid.org/products/gcc/v6_4_0/Linux64bit+3.10-2.17/bin/../lib/gcc/x86_64-pc-linux-gnu/6.4.0/../../..]
    arg [CMakeFiles/cmTC_01cef.dir/CMakeCXXCompilerABI.cpp.o] ==> ignore
    arg [-lstdc++] ==> lib [stdc++]
    arg [-lm] ==> lib [m]
    arg [-lgcc_s] ==> lib [gcc_s]
    arg [-lgcc] ==> lib [gcc]
    arg [-lc] ==> lib [c]
    arg [-lgcc_s] ==> lib [gcc_s]
    arg [-lgcc] ==> lib [gcc]
    arg [/cvmfs/larsoft.opensciencegrid.org/products/gcc/v6_4_0/Linux64bit+3.10-2.17/bin/../lib/gcc/x86_64-pc-linux-gnu/6.4.0/crtend.o] ==> ignore
    arg [/lib/../lib64/crtn.o] ==> ignore
  collapse library dir [/cvmfs/larsoft.opensciencegrid.org/products/gcc/v6_4_0/Linux64bit+3.10-2.17/bin/../lib/gcc/x86_64-pc-linux-gnu/6.4.0] ==> [/cvmfs/larsoft.opensciencegrid.org/products/gcc/v6_4_0/Linux64bit+3.10-2.17/lib/gcc/x86_64-pc-linux-gnu/6.4.0]
  collapse library dir [/cvmfs/larsoft.opensciencegrid.org/products/gcc/v6_4_0/Linux64bit+3.10-2.17/bin/../lib/gcc] ==> [/cvmfs/larsoft.opensciencegrid.org/products/gcc/v6_4_0/Linux64bit+3.10-2.17/lib/gcc]
  collapse library dir [/cvmfs/larsoft.opensciencegrid.org/products/gcc/v6_4_0/Linux64bit+3.10-2.17/bin/../lib/gcc/x86_64-pc-linux-gnu/6.4.0/../../../../lib64] ==> [/cvmfs/larsoft.opensciencegrid.org/products/gcc/v6_4_0/Linux64bit+3.10-2.17/lib64]
  collapse library dir [/lib/../lib64] ==> [/lib64]
  collapse library dir [/usr/lib/../lib64] ==> [/usr/lib64]
  collapse library dir [/cvmfs/larsoft.opensciencegrid.org/products/gcc/v6_4_0/Linux64bit+3.10-2.17/bin/../lib/gcc/x86_64-pc-linux-gnu/6.4.0/../../..] ==> [/cvmfs/larsoft.opensciencegrid.org/products/gcc/v6_4_0/Linux64bit+3.10-2.17/lib]
  implicit libs: [stdc++;m;gcc_s;gcc;c;gcc_s;gcc]
  implicit dirs: [/cvmfs/larsoft.opensciencegrid.org/products/gcc/v6_4_0/Linux64bit+3.10-2.17/lib/gcc/x86_64-pc-linux-gnu/6.4.0;/cvmfs/larsoft.opensciencegrid.org/products/gcc/v6_4_0/Linux64bit+3.10-2.17/lib/gcc;/cvmfs/larsoft.opensciencegrid.org/products/gcc/v6_4_0/Linux64bit+3.10-2.17/lib64;/lib64;/usr/lib64;/cvmfs/larsoft.opensciencegrid.org/products/gcc/v6_4_0/Linux64bit+3.10-2.17/lib]
  implicit fwks: []




Detecting CXX [-std=c++1z] compiler features compiled with the following output:
Change Dir: /exp/sbnd/app/users/fnicolas/BNBFlux/HPStudies/build/CMakeFiles/CMakeTmp

Run Build Command(s):/usr/bin/gmake cmTC_7b44f/fast 
/usr/bin/gmake -f CMakeFiles/cmTC_7b44f.dir/build.make CMakeFiles/cmTC_7b44f.dir/build
gmake[1]: Entering directory `/exp/sbnd/app/users/fnicolas/BNBFlux/HPStudies/build/CMakeFiles/CMakeTmp'
Building CXX object CMakeFiles/cmTC_7b44f.dir/feature_tests.cxx.o
/cvmfs/larsoft.opensciencegrid.org/products/gcc/v6_4_0/Linux64bit+3.10-2.17/bin/g++    -std=c++1z -o CMakeFiles/cmTC_7b44f.dir/feature_tests.cxx.o -c /exp/sbnd/app/users/fnicolas/BNBFlux/HPStudies/build/CMakeFiles/feature_tests.cxx
Linking CXX executable cmTC_7b44f
/cvmfs/larsoft.opensciencegrid.org/products/cmake/v3_14_3/Linux64bit+3.10-2.17/bin/cmake -E cmake_link_script CMakeFiles/cmTC_7b44f.dir/link.txt --verbose=1
/cvmfs/larsoft.opensciencegrid.org/products/gcc/v6_4_0/Linux64bit+3.10-2.17/bin/g++       -rdynamic CMakeFiles/cmTC_7b44f.dir/feature_tests.cxx.o  -o cmTC_7b44f 
gmake[1]: Leaving directory `/exp/sbnd/app/users/fnicolas/BNBFlux/HPStudies/build/CMakeFiles/CMakeTmp'


    Feature record: CXX_FEATURE:1cxx_aggregate_default_initializers
    Feature record: CXX_FEATURE:1cxx_alias_templates
    Feature record: CXX_FEATURE:1cxx_alignas
    Feature record: CXX_FEATURE:1cxx_alignof
    Feature record: CXX_FEATURE:1cxx_attributes
    Feature record: CXX_FEATURE:1cxx_attribute_deprecated
    Feature record: CXX_FEATURE:1cxx_auto_type
    Feature record: CXX_FEATURE:1cxx_binary_literals
    Feature record: CXX_FEATURE:1cxx_constexpr
    Feature record: CXX_FEATURE:1cxx_contextual_conversions
    Feature record: CXX_FEATURE:1cxx_decltype
    Feature record: CXX_FEATURE:1cxx_decltype_auto
    Feature record: CXX_FEATURE:1cxx_decltype_incomplete_return_types
    Feature record: CXX_FEATURE:1cxx_default_function_template_args
    Feature record: CXX_FEATURE:1cxx_defaulted_functions
    Feature record: CXX_FEATURE:1cxx_defaulted_move_initializers
    Feature record: CXX_FEATURE:1cxx_delegating_constructors
    Feature record: CXX_FEATURE:1cxx_deleted_functions
    Feature record: CXX_FEATURE:1cxx_digit_separators
    Feature record: CXX_FEATURE:1cxx_enum_forward_declarations
    Feature record: CXX_FEATURE:1cxx_explicit_conversions
    Feature record: CXX_FEATURE:1cxx_extended_friend_declarations
    Feature record: CXX_FEATURE:1cxx_extern_templates
    Feature record: CXX_FEATURE:1cxx_final
    Feature record: CXX_FEATURE:1cxx_func_identifier
    Feature record: CXX_FEATURE:1cxx_generalized_initializers
    Feature record: CXX_FEATURE:1cxx_generic_lambdas
    Feature record: CXX_FEATURE:1cxx_inheriting_constructors
    Feature record: CXX_FEATURE:1cxx_inline_namespaces
    Feature record: CXX_FEATURE:1cxx_lambdas
    Feature record: CXX_FEATURE:1cxx_lambda_init_captures
    Feature record: CXX_FEATURE:1cxx_local_type_template_args
    Feature record: CXX_FEATURE:1cxx_long_long_type
    Feature record: CXX_FEATURE:1cxx_noexcept
    Feature record: CXX_FEATURE:1cxx_nonstatic_member_init
    Feature record: CXX_FEATURE:1cxx_nullptr
    Feature record: CXX_FEATURE:1cxx_override
    Feature record: CXX_FEATURE:1cxx_range_for
    Feature record: CXX_FEATURE:1cxx_raw_string_literals
    Feature record: CXX_FEATURE:1cxx_reference_qualified_functions
    Feature record: CXX_FEATURE:1cxx_relaxed_constexpr
    Feature record: CXX_FEATURE:1cxx_return_type_deduction
    Feature record: CXX_FEATURE:1cxx_right_angle_brackets
    Feature record: CXX_FEATURE:1cxx_rvalue_references
    Feature record: CXX_FEATURE:1cxx_sizeof_member
    Feature record: CXX_FEATURE:1cxx_static_assert
    Feature record: CXX_FEATURE:1cxx_strong_enums
    Feature record: CXX_FEATURE:1cxx_template_template_parameters
    Feature record: CXX_FEATURE:1cxx_thread_local
    Feature record: CXX_FEATURE:1cxx_trailing_return_types
    Feature record: CXX_FEATURE:1cxx_unicode_literals
    Feature record: CXX_FEATURE:1cxx_uniform_initialization
    Feature record: CXX_FEATURE:1cxx_unrestricted_unions
    Feature record: CXX_FEATURE:1cxx_user_literals
    Feature record: CXX_FEATURE:1cxx_variable_templates
    Feature record: CXX_FEATURE:1cxx_variadic_macros
    Feature record: CXX_FEATURE:1cxx_variadic_templates


Detecting CXX [-std=c++14] compiler features compiled with the following output:
Change Dir: /exp/sbnd/app/users/fnicolas/BNBFlux/HPStudies/build/CMakeFiles/CMakeTmp

Run Build Command(s):/usr/bin/gmake cmTC_df8b3/fast 
/usr/bin/gmake -f CMakeFiles/cmTC_df8b3.dir/build.make CMakeFiles/cmTC_df8b3.dir/build
gmake[1]: Entering directory `/exp/sbnd/app/users/fnicolas/BNBFlux/HPStudies/build/CMakeFiles/CMakeTmp'
Building CXX object CMakeFiles/cmTC_df8b3.dir/feature_tests.cxx.o
/cvmfs/larsoft.opensciencegrid.org/products/gcc/v6_4_0/Linux64bit+3.10-2.17/bin/g++    -std=c++14 -o CMakeFiles/cmTC_df8b3.dir/feature_tests.cxx.o -c /exp/sbnd/app/users/fnicolas/BNBFlux/HPStudies/build/CMakeFiles/feature_tests.cxx
Linking CXX executable cmTC_df8b3
/cvmfs/larsoft.opensciencegrid.org/products/cmake/v3_14_3/Linux64bit+3.10-2.17/bin/cmake -E cmake_link_script CMakeFiles/cmTC_df8b3.dir/link.txt --verbose=1
/cvmfs/larsoft.opensciencegrid.org/products/gcc/v6_4_0/Linux64bit+3.10-2.17/bin/g++       -rdynamic CMakeFiles/cmTC_df8b3.dir/feature_tests.cxx.o  -o cmTC_df8b3 
gmake[1]: Leaving directory `/exp/sbnd/app/users/fnicolas/BNBFlux/HPStudies/build/CMakeFiles/CMakeTmp'


    Feature record: CXX_FEATURE:1cxx_aggregate_default_initializers
    Feature record: CXX_FEATURE:1cxx_alias_templates
    Feature record: CXX_FEATURE:1cxx_alignas
    Feature record: CXX_FEATURE:1cxx_alignof
    Feature record: CXX_FEATURE:1cxx_attributes
    Feature record: CXX_FEATURE:1cxx_attribute_deprecated
    Feature record: CXX_FEATURE:1cxx_auto_type
    Feature record: CXX_FEATURE:1cxx_binary_literals
    Feature record: CXX_FEATURE:1cxx_constexpr
    Feature record: CXX_FEATURE:1cxx_contextual_conversions
    Feature record: CXX_FEATURE:1cxx_decltype
    Feature record: CXX_FEATURE:1cxx_decltype_auto
    Feature record: CXX_FEATURE:1cxx_decltype_incomplete_return_types
    Feature record: CXX_FEATURE:1cxx_default_function_template_args
    Feature record: CXX_FEATURE:1cxx_defaulted_functions
    Feature record: CXX_FEATURE:1cxx_defaulted_move_initializers
    Feature record: CXX_FEATURE:1cxx_delegating_constructors
    Feature record: CXX_FEATURE:1cxx_deleted_functions
    Feature record: CXX_FEATURE:1cxx_digit_separators
    Feature record: CXX_FEATURE:1cxx_enum_forward_declarations
    Feature record: CXX_FEATURE:1cxx_explicit_conversions
    Feature record: CXX_FEATURE:1cxx_extended_friend_declarations
    Feature record: CXX_FEATURE:1cxx_extern_templates
    Feature record: CXX_FEATURE:1cxx_final
    Feature record: CXX_FEATURE:1cxx_func_identifier
    Feature record: CXX_FEATURE:1cxx_generalized_initializers
    Feature record: CXX_FEATURE:1cxx_generic_lambdas
    Feature record: CXX_FEATURE:1cxx_inheriting_constructors
    Feature record: CXX_FEATURE:1cxx_inline_namespaces
    Feature record: CXX_FEATURE:1cxx_lambdas
    Feature record: CXX_FEATURE:1cxx_lambda_init_captures
    Feature record: CXX_FEATURE:1cxx_local_type_template_args
    Feature record: CXX_FEATURE:1cxx_long_long_type
    Feature record: CXX_FEATURE:1cxx_noexcept
    Feature record: CXX_FEATURE:1cxx_nonstatic_member_init
    Feature record: CXX_FEATURE:1cxx_nullptr
    Feature record: CXX_FEATURE:1cxx_override
    Feature record: CXX_FEATURE:1cxx_range_for
    Feature record: CXX_FEATURE:1cxx_raw_string_literals
    Feature record: CXX_FEATURE:1cxx_reference_qualified_functions
    Feature record: CXX_FEATURE:1cxx_relaxed_constexpr
    Feature record: CXX_FEATURE:1cxx_return_type_deduction
    Feature record: CXX_FEATURE:1cxx_right_angle_brackets
    Feature record: CXX_FEATURE:1cxx_rvalue_references
    Feature record: CXX_FEATURE:1cxx_sizeof_member
    Feature record: CXX_FEATURE:1cxx_static_assert
    Feature record: CXX_FEATURE:1cxx_strong_enums
    Feature record: CXX_FEATURE:1cxx_template_template_parameters
    Feature record: CXX_FEATURE:1cxx_thread_local
    Feature record: CXX_FEATURE:1cxx_trailing_return_types
    Feature record: CXX_FEATURE:1cxx_unicode_literals
    Feature record: CXX_FEATURE:1cxx_uniform_initialization
    Feature record: CXX_FEATURE:1cxx_unrestricted_unions
    Feature record: CXX_FEATURE:1cxx_user_literals
    Feature record: CXX_FEATURE:1cxx_variable_templates
    Feature record: CXX_FEATURE:1cxx_variadic_macros
    Feature record: CXX_FEATURE:1cxx_variadic_templates


Detecting CXX [-std=c++11] compiler features compiled with the following output:
Change Dir: /exp/sbnd/app/users/fnicolas/BNBFlux/HPStudies/build/CMakeFiles/CMakeTmp

Run Build Command(s):/usr/bin/gmake cmTC_08ffb/fast 
/usr/bin/gmake -f CMakeFiles/cmTC_08ffb.dir/build.make CMakeFiles/cmTC_08ffb.dir/build
gmake[1]: Entering directory `/exp/sbnd/app/users/fnicolas/BNBFlux/HPStudies/build/CMakeFiles/CMakeTmp'
Building CXX object CMakeFiles/cmTC_08ffb.dir/feature_tests.cxx.o
/cvmfs/larsoft.opensciencegrid.org/products/gcc/v6_4_0/Linux64bit+3.10-2.17/bin/g++    -std=c++11 -o CMakeFiles/cmTC_08ffb.dir/feature_tests.cxx.o -c /exp/sbnd/app/users/fnicolas/BNBFlux/HPStudies/build/CMakeFiles/feature_tests.cxx
Linking CXX executable cmTC_08ffb
/cvmfs/larsoft.opensciencegrid.org/products/cmake/v3_14_3/Linux64bit+3.10-2.17/bin/cmake -E cmake_link_script CMakeFiles/cmTC_08ffb.dir/link.txt --verbose=1
/cvmfs/larsoft.opensciencegrid.org/products/gcc/v6_4_0/Linux64bit+3.10-2.17/bin/g++       -rdynamic CMakeFiles/cmTC_08ffb.dir/feature_tests.cxx.o  -o cmTC_08ffb 
gmake[1]: Leaving directory `/exp/sbnd/app/users/fnicolas/BNBFlux/HPStudies/build/CMakeFiles/CMakeTmp'


    Feature record: CXX_FEATURE:0cxx_aggregate_default_initializers
    Feature record: CXX_FEATURE:1cxx_alias_templates
    Feature record: CXX_FEATURE:1cxx_alignas
    Feature record: CXX_FEATURE:1cxx_alignof
    Feature record: CXX_FEATURE:1cxx_attributes
    Feature record: CXX_FEATURE:0cxx_attribute_deprecated
    Feature record: CXX_FEATURE:1cxx_auto_type
    Feature record: CXX_FEATURE:0cxx_binary_literals
    Feature record: CXX_FEATURE:1cxx_constexpr
    Feature record: CXX_FEATURE:0cxx_contextual_conversions
    Feature record: CXX_FEATURE:1cxx_decltype
    Feature record: CXX_FEATURE:0cxx_decltype_auto
    Feature record: CXX_FEATURE:1cxx_decltype_incomplete_return_types
    Feature record: CXX_FEATURE:1cxx_default_function_template_args
    Feature record: CXX_FEATURE:1cxx_defaulted_functions
    Feature record: CXX_FEATURE:1cxx_defaulted_move_initializers
    Feature record: CXX_FEATURE:1cxx_delegating_constructors
    Feature record: CXX_FEATURE:1cxx_deleted_functions
    Feature record: CXX_FEATURE:0cxx_digit_separators
    Feature record: CXX_FEATURE:1cxx_enum_forward_declarations
    Feature record: CXX_FEATURE:1cxx_explicit_conversions
    Feature record: CXX_FEATURE:1cxx_extended_friend_declarations
    Feature record: CXX_FEATURE:1cxx_extern_templates
    Feature record: CXX_FEATURE:1cxx_final
    Feature record: CXX_FEATURE:1cxx_func_identifier
    Feature record: CXX_FEATURE:1cxx_generalized_initializers
    Feature record: CXX_FEATURE:0cxx_generic_lambdas
    Feature record: CXX_FEATURE:1cxx_inheriting_constructors
    Feature record: CXX_FEATURE:1cxx_inline_namespaces
    Feature record: CXX_FEATURE:1cxx_lambdas
    Feature record: CXX_FEATURE:0cxx_lambda_init_captures
    Feature record: CXX_FEATURE:1cxx_local_type_template_args
    Feature record: CXX_FEATURE:1cxx_long_long_type
    Feature record: CXX_FEATURE:1cxx_noexcept
    Feature record: CXX_FEATURE:1cxx_nonstatic_member_init
    Feature record: CXX_FEATURE:1cxx_nullptr
    Feature record: CXX_FEATURE:1cxx_override
    Feature record: CXX_FEATURE:1cxx_range_for
    Feature record: CXX_FEATURE:1cxx_raw_string_literals
    Feature record: CXX_FEATURE:1cxx_reference_qualified_functions
    Feature record: CXX_FEATURE:0cxx_relaxed_constexpr
    Feature record: CXX_FEATURE:0cxx_return_type_deduction
    Feature record: CXX_FEATURE:1cxx_right_angle_brackets
    Feature record: CXX_FEATURE:1cxx_rvalue_references
    Feature record: CXX_FEATURE:1cxx_sizeof_member
    Feature record: CXX_FEATURE:1cxx_static_assert
    Feature record: CXX_FEATURE:1cxx_strong_enums
    Feature record: CXX_FEATURE:1cxx_template_template_parameters
    Feature record: CXX_FEATURE:1cxx_thread_local
    Feature record: CXX_FEATURE:1cxx_trailing_return_types
    Feature record: CXX_FEATURE:1cxx_unicode_literals
    Feature record: CXX_FEATURE:1cxx_uniform_initialization
    Feature record: CXX_FEATURE:1cxx_unrestricted_unions
    Feature record: CXX_FEATURE:1cxx_user_literals
    Feature record: CXX_FEATURE:0cxx_variable_templates
    Feature record: CXX_FEATURE:1cxx_variadic_macros
    Feature record: CXX_FEATURE:1cxx_variadic_templates


Detecting CXX [-std=c++98] compiler features compiled with the following output:
Change Dir: /exp/sbnd/app/users/fnicolas/BNBFlux/HPStudies/build/CMakeFiles/CMakeTmp

Run Build Command(s):/usr/bin/gmake cmTC_01b8f/fast 
/usr/bin/gmake -f CMakeFiles/cmTC_01b8f.dir/build.make CMakeFiles/cmTC_01b8f.dir/build
gmake[1]: Entering directory `/exp/sbnd/app/users/fnicolas/BNBFlux/HPStudies/build/CMakeFiles/CMakeTmp'
Building CXX object CMakeFiles/cmTC_01b8f.dir/feature_tests.cxx.o
/cvmfs/larsoft.opensciencegrid.org/products/gcc/v6_4_0/Linux64bit+3.10-2.17/bin/g++    -std=c++98 -o CMakeFiles/cmTC_01b8f.dir/feature_tests.cxx.o -c /exp/sbnd/app/users/fnicolas/BNBFlux/HPStudies/build/CMakeFiles/feature_tests.cxx
Linking CXX executable cmTC_01b8f
/cvmfs/larsoft.opensciencegrid.org/products/cmake/v3_14_3/Linux64bit+3.10-2.17/bin/cmake -E cmake_link_script CMakeFiles/cmTC_01b8f.dir/link.txt --verbose=1
/cvmfs/larsoft.opensciencegrid.org/products/gcc/v6_4_0/Linux64bit+3.10-2.17/bin/g++       -rdynamic CMakeFiles/cmTC_01b8f.dir/feature_tests.cxx.o  -o cmTC_01b8f 
gmake[1]: Leaving directory `/exp/sbnd/app/users/fnicolas/BNBFlux/HPStudies/build/CMakeFiles/CMakeTmp'


    Feature record: CXX_FEATURE:0cxx_aggregate_default_initializers
    Feature record: CXX_FEATURE:0cxx_alias_templates
    Feature record: CXX_FEATURE:0cxx_alignas
    Feature record: CXX_FEATURE:0cxx_alignof
    Feature record: CXX_FEATURE:0cxx_attributes
    Feature record: CXX_FEATURE:0cxx_attribute_deprecated
    Feature record: CXX_FEATURE:0cxx_auto_type
    Feature record: CXX_FEATURE:0cxx_binary_literals
    Feature record: CXX_FEATURE:0cxx_constexpr
    Feature record: CXX_FEATURE:0cxx_contextual_conversions
    Feature record: CXX_FEATURE:0cxx_decltype
    Feature record: CXX_FEATURE:0cxx_decltype_auto
    Feature record: CXX_FEATURE:0cxx_decltype_incomplete_return_types
    Feature record: CXX_FEATURE:0cxx_default_function_template_args
    Feature record: CXX_FEATURE:0cxx_defaulted_functions
    Feature record: CXX_FEATURE:0cxx_defaulted_move_initializers
    Feature record: CXX_FEATURE:0cxx_delegating_constructors
    Feature record: CXX_FEATURE:0cxx_deleted_functions
    Feature record: CXX_FEATURE:0cxx_digit_separators
    Feature record: CXX_FEATURE:0cxx_enum_forward_declarations
    Feature record: CXX_FEATURE:0cxx_explicit_conversions
    Feature record: CXX_FEATURE:0cxx_extended_friend_declarations
    Feature record: CXX_FEATURE:0cxx_extern_templates
    Feature record: CXX_FEATURE:0cxx_final
    Feature record: CXX_FEATURE:0cxx_func_identifier
    Feature record: CXX_FEATURE:0cxx_generalized_initializers
    Feature record: CXX_FEATURE:0cxx_generic_lambdas
    Feature record: CXX_FEATURE:0cxx_inheriting_constructors
    Feature record: CXX_FEATURE:0cxx_inline_namespaces
    Feature record: CXX_FEATURE:0cxx_lambdas
    Feature record: CXX_FEATURE:0cxx_lambda_init_captures
    Feature record: CXX_FEATURE:0cxx_local_type_template_args
    Feature record: CXX_FEATURE:0cxx_long_long_type
    Feature record: CXX_FEATURE:0cxx_noexcept
    Feature record: CXX_FEATURE:0cxx_nonstatic_member_init
    Feature record: CXX_FEATURE:0cxx_nullptr
    Feature record: CXX_FEATURE:0cxx_override
    Feature record: CXX_FEATURE:0cxx_range_for
    Feature record: CXX_FEATURE:0cxx_raw_string_literals
    Feature record: CXX_FEATURE:0cxx_reference_qualified_functions
    Feature record: CXX_FEATURE:0cxx_relaxed_constexpr
    Feature record: CXX_FEATURE:0cxx_return_type_deduction
    Feature record: CXX_FEATURE:0cxx_right_angle_brackets
    Feature record: CXX_FEATURE:0cxx_rvalue_references
    Feature record: CXX_FEATURE:0cxx_sizeof_member
    Feature record: CXX_FEATURE:0cxx_static_assert
    Feature record: CXX_FEATURE:0cxx_strong_enums
    Feature record: CXX_FEATURE:1cxx_template_template_parameters
    Feature record: CXX_FEATURE:0cxx_thread_local
    Feature record: CXX_FEATURE:0cxx_trailing_return_types
    Feature record: CXX_FEATURE:0cxx_unicode_literals
    Feature record: CXX_FEATURE:0cxx_uniform_initialization
    Feature record: CXX_FEATURE:0cxx_unrestricted_unions
    Feature record: CXX_FEATURE:0cxx_user_literals
    Feature record: CXX_FEATURE:0cxx_variable_templates
    Feature record: CXX_FEATURE:0cxx_variadic_macros
    Feature record: CXX_FEATURE:0cxx_variadic_templates
